-- The C compiler identification is GNU 12.3.0
-- The CXX compiler identification is GNU 12.3.0
-- Detecting C compiler ABI info
-- Detecting C compiler ABI info - done
-- Check for working C compiler: /usr/bin/cc - skipped
-- Detecting C compile features
-- Detecting C compile features - done
-- Detecting CXX compiler ABI info
-- Detecting CXX compiler ABI info - done
-- Check for working CXX compiler: /usr/bin/c++ - skipped
-- Detecting CXX compile features
-- Detecting CXX compile features - done
-- Found ament_cmake: 1.3.12 (/opt/ros/humble/share/ament_cmake/cmake)
-- Found Python3: /usr/bin/python3 (found version "3.10.12") found components: Interpreter 
-- Found rosidl_default_generators: 1.2.0 (/opt/ros/humble/share/rosidl_default_generators/cmake)
-- Using all available rosidl_typesupport_c: rosidl_typesupport_fastrtps_c;rosidl_typesupport_introspection_c
-- Found rosidl_adapter: 3.1.7 (/opt/ros/humble/share/rosidl_adapter/cmake)
-- Using all available rosidl_typesupport_cpp: rosidl_typesupport_fastrtps_cpp;rosidl_typesupport_introspection_cpp
-- Found geometry_msgs: 4.9.0 (/opt/ros/humble/share/geometry_msgs/cmake)
-- Found ament_cmake_ros: 0.10.0 (/opt/ros/humble/share/ament_cmake_ros/cmake)
-- Using all available rosidl_typesupport_c: rosidl_typesupport_fastrtps_c;rosidl_typesupport_introspection_c
-- Using all available rosidl_typesupport_cpp: rosidl_typesupport_fastrtps_cpp;rosidl_typesupport_introspection_cpp
-- Found PythonInterp: /usr/bin/python3 (found suitable version "3.10.12", minimum required is "3.6") 
-- Found python_cmake_module: 0.10.0 (/opt/ros/humble/share/python_cmake_module/cmake)
-- Found PythonLibs: /usr/lib/x86_64-linux-gnu/libpython3.10.so (found suitable version "3.10.12", minimum required is "3.5") 
-- Using PYTHON_EXECUTABLE: /usr/bin/python3
-- Using PYTHON_INCLUDE_DIRS: /usr/include/python3.10
-- Using PYTHON_LIBRARIES: /usr/lib/x86_64-linux-gnu/libpython3.10.so
-- Found PythonExtra: .so  
-- Configuring done
-- Generating done
-- Build files have been written to: /home/snorlax/work/gradio_sam_genpose/translator_1/build/fake_interface_pkg
[  1%] [34m[1mGenerating C code for ROS interfaces[0m
[  2%] [34m[1mGenerating C++ code for ROS interfaces[0m
[  2%] Built target ament_cmake_python_copy_fake_interface_pkg
running egg_info
creating fake_interface_pkg.egg-info
writing fake_interface_pkg.egg-info/PKG-INFO
writing dependency_links to fake_interface_pkg.egg-info/dependency_links.txt
writing top-level names to fake_interface_pkg.egg-info/top_level.txt
writing manifest file 'fake_interface_pkg.egg-info/SOURCES.txt'
reading manifest file 'fake_interface_pkg.egg-info/SOURCES.txt'
writing manifest file 'fake_interface_pkg.egg-info/SOURCES.txt'
[  2%] Built target ament_cmake_python_build_fake_interface_pkg_egg
[  5%] [32mBuilding C object CMakeFiles/fake_interface_pkg__rosidl_generator_c.dir/rosidl_generator_c/fake_interface_pkg/msg/detail/action__functions.c.o[0m
[  5%] [32mBuilding C object CMakeFiles/fake_interface_pkg__rosidl_generator_c.dir/rosidl_generator_c/fake_interface_pkg/msg/detail/object_pose__functions.c.o[0m
[  7%] [32mBuilding C object CMakeFiles/fake_interface_pkg__rosidl_generator_c.dir/rosidl_generator_c/fake_interface_pkg/msg/detail/pose__functions.c.o[0m
[  8%] [32mBuilding C object CMakeFiles/fake_interface_pkg__rosidl_generator_c.dir/rosidl_generator_c/fake_interface_pkg/msg/detail/action_plan__functions.c.o[0m
[  9%] [32mBuilding C object CMakeFiles/fake_interface_pkg__rosidl_generator_c.dir/rosidl_generator_c/fake_interface_pkg/msg/detail/keypoint_pose_array__functions.c.o[0m
[ 11%] [32mBuilding C object CMakeFiles/fake_interface_pkg__rosidl_generator_c.dir/rosidl_generator_c/fake_interface_pkg/msg/detail/keypoint_pose__functions.c.o[0m
[ 11%] Built target fake_interface_pkg__cpp
[ 12%] [34m[1mGenerating C++ introspection for ROS interfaces[0m
[ 15%] [34m[1mGenerating C++ type support for eProsima Fast-RTPS[0m
[ 15%] [34m[1mGenerating C++ type support dispatch for ROS interfaces[0m
[ 16%] [32m[1mLinking C shared library libfake_interface_pkg__rosidl_generator_c.so[0m
[ 16%] Built target fake_interface_pkg__rosidl_generator_c
[ 21%] [34m[1mGenerating C introspection for ROS interfaces[0m
[ 21%] [34m[1mGenerating C type support for eProsima Fast-RTPS[0m
[ 21%] [34m[1mGenerating C type support dispatch for ROS interfaces[0m
[ 26%] [32mBuilding CXX object CMakeFiles/fake_interface_pkg__rosidl_typesupport_cpp.dir/rosidl_typesupport_cpp/fake_interface_pkg/msg/pose__type_support.cpp.o[0m
[ 26%] [32mBuilding CXX object CMakeFiles/fake_interface_pkg__rosidl_typesupport_cpp.dir/rosidl_typesupport_cpp/fake_interface_pkg/msg/keypoint_pose__type_support.cpp.o[0m
[ 26%] [32mBuilding CXX object CMakeFiles/fake_interface_pkg__rosidl_typesupport_cpp.dir/rosidl_typesupport_cpp/fake_interface_pkg/msg/action_plan__type_support.cpp.o[0m
[ 26%] [32mBuilding CXX object CMakeFiles/fake_interface_pkg__rosidl_typesupport_cpp.dir/rosidl_typesupport_cpp/fake_interface_pkg/msg/object_pose__type_support.cpp.o[0m
[ 28%] [32mBuilding CXX object CMakeFiles/fake_interface_pkg__rosidl_typesupport_cpp.dir/rosidl_typesupport_cpp/fake_interface_pkg/msg/action__type_support.cpp.o[0m
[ 29%] [32mBuilding CXX object CMakeFiles/fake_interface_pkg__rosidl_typesupport_cpp.dir/rosidl_typesupport_cpp/fake_interface_pkg/msg/keypoint_pose_array__type_support.cpp.o[0m
[ 33%] [32mBuilding CXX object CMakeFiles/fake_interface_pkg__rosidl_typesupport_introspection_cpp.dir/rosidl_typesupport_introspection_cpp/fake_interface_pkg/msg/detail/action_plan__type_support.cpp.o[0m
[ 33%] [32mBuilding CXX object CMakeFiles/fake_interface_pkg__rosidl_typesupport_introspection_cpp.dir/rosidl_typesupport_introspection_cpp/fake_interface_pkg/msg/detail/keypoint_pose_array__type_support.cpp.o[0m
[ 33%] [32mBuilding CXX object CMakeFiles/fake_interface_pkg__rosidl_typesupport_introspection_cpp.dir/rosidl_typesupport_introspection_cpp/fake_interface_pkg/msg/detail/action__type_support.cpp.o[0m
[ 38%] [32mBuilding CXX object CMakeFiles/fake_interface_pkg__rosidl_typesupport_introspection_cpp.dir/rosidl_typesupport_introspection_cpp/fake_interface_pkg/msg/detail/object_pose__type_support.cpp.o[0m
[ 38%] [32mBuilding CXX object CMakeFiles/fake_interface_pkg__rosidl_typesupport_introspection_cpp.dir/rosidl_typesupport_introspection_cpp/fake_interface_pkg/msg/detail/keypoint_pose__type_support.cpp.o[0m
[ 38%] [32mBuilding CXX object CMakeFiles/fake_interface_pkg__rosidl_typesupport_introspection_cpp.dir/rosidl_typesupport_introspection_cpp/fake_interface_pkg/msg/detail/pose__type_support.cpp.o[0m
[ 40%] [32mBuilding CXX object CMakeFiles/fake_interface_pkg__rosidl_typesupport_fastrtps_cpp.dir/rosidl_typesupport_fastrtps_cpp/fake_interface_pkg/msg/detail/dds_fastrtps/action__type_support.cpp.o[0m
[ 40%] [32mBuilding CXX object CMakeFiles/fake_interface_pkg__rosidl_typesupport_fastrtps_cpp.dir/rosidl_typesupport_fastrtps_cpp/fake_interface_pkg/msg/detail/dds_fastrtps/action_plan__type_support.cpp.o[0m
[ 45%] [32mBuilding CXX object CMakeFiles/fake_interface_pkg__rosidl_typesupport_fastrtps_cpp.dir/rosidl_typesupport_fastrtps_cpp/fake_interface_pkg/msg/detail/dds_fastrtps/object_pose__type_support.cpp.o[0m
[ 45%] [32mBuilding CXX object CMakeFiles/fake_interface_pkg__rosidl_typesupport_fastrtps_cpp.dir/rosidl_typesupport_fastrtps_cpp/fake_interface_pkg/msg/detail/dds_fastrtps/keypoint_pose__type_support.cpp.o[0m
[ 45%] [32mBuilding CXX object CMakeFiles/fake_interface_pkg__rosidl_typesupport_fastrtps_cpp.dir/rosidl_typesupport_fastrtps_cpp/fake_interface_pkg/msg/detail/dds_fastrtps/pose__type_support.cpp.o[0m
[ 46%] [32mBuilding CXX object CMakeFiles/fake_interface_pkg__rosidl_typesupport_fastrtps_cpp.dir/rosidl_typesupport_fastrtps_cpp/fake_interface_pkg/msg/detail/dds_fastrtps/keypoint_pose_array__type_support.cpp.o[0m
[ 49%] [32mBuilding CXX object CMakeFiles/fake_interface_pkg__rosidl_typesupport_c.dir/rosidl_typesupport_c/fake_interface_pkg/msg/keypoint_pose__type_support.cpp.o[0m
[ 49%] [32mBuilding CXX object CMakeFiles/fake_interface_pkg__rosidl_typesupport_c.dir/rosidl_typesupport_c/fake_interface_pkg/msg/action__type_support.cpp.o[0m
[ 50%] [32mBuilding CXX object CMakeFiles/fake_interface_pkg__rosidl_typesupport_c.dir/rosidl_typesupport_c/fake_interface_pkg/msg/action_plan__type_support.cpp.o[0m
[ 52%] [32mBuilding CXX object CMakeFiles/fake_interface_pkg__rosidl_typesupport_c.dir/rosidl_typesupport_c/fake_interface_pkg/msg/keypoint_pose_array__type_support.cpp.o[0m
[ 53%] [32mBuilding CXX object CMakeFiles/fake_interface_pkg__rosidl_typesupport_c.dir/rosidl_typesupport_c/fake_interface_pkg/msg/object_pose__type_support.cpp.o[0m
[ 54%] [32mBuilding CXX object CMakeFiles/fake_interface_pkg__rosidl_typesupport_c.dir/rosidl_typesupport_c/fake_interface_pkg/msg/pose__type_support.cpp.o[0m
[ 56%] [32m[1mLinking CXX shared library libfake_interface_pkg__rosidl_typesupport_c.so[0m
[ 57%] [32mBuilding CXX object CMakeFiles/fake_interface_pkg__rosidl_typesupport_fastrtps_c.dir/rosidl_typesupport_fastrtps_c/fake_interface_pkg/msg/detail/action__type_support_c.cpp.o[0m
[ 59%] [32mBuilding CXX object CMakeFiles/fake_interface_pkg__rosidl_typesupport_fastrtps_c.dir/rosidl_typesupport_fastrtps_c/fake_interface_pkg/msg/detail/keypoint_pose__type_support_c.cpp.o[0m
[ 60%] [32mBuilding CXX object CMakeFiles/fake_interface_pkg__rosidl_typesupport_fastrtps_c.dir/rosidl_typesupport_fastrtps_c/fake_interface_pkg/msg/detail/object_pose__type_support_c.cpp.o[0m
[ 61%] [32mBuilding CXX object CMakeFiles/fake_interface_pkg__rosidl_typesupport_fastrtps_c.dir/rosidl_typesupport_fastrtps_c/fake_interface_pkg/msg/detail/pose__type_support_c.cpp.o[0m
[ 63%] [32mBuilding CXX object CMakeFiles/fake_interface_pkg__rosidl_typesupport_fastrtps_c.dir/rosidl_typesupport_fastrtps_c/fake_interface_pkg/msg/detail/keypoint_pose_array__type_support_c.cpp.o[0m
[ 64%] [32mBuilding CXX object CMakeFiles/fake_interface_pkg__rosidl_typesupport_fastrtps_c.dir/rosidl_typesupport_fastrtps_c/fake_interface_pkg/msg/detail/action_plan__type_support_c.cpp.o[0m
[ 67%] [32mBuilding C object CMakeFiles/fake_interface_pkg__rosidl_typesupport_introspection_c.dir/rosidl_typesupport_introspection_c/fake_interface_pkg/msg/detail/action__type_support.c.o[0m
[ 67%] [32mBuilding C object CMakeFiles/fake_interface_pkg__rosidl_typesupport_introspection_c.dir/rosidl_typesupport_introspection_c/fake_interface_pkg/msg/detail/pose__type_support.c.o[0m
[ 67%] Built target fake_interface_pkg__rosidl_typesupport_c
[ 69%] [32mBuilding C object CMakeFiles/fake_interface_pkg__rosidl_typesupport_introspection_c.dir/rosidl_typesupport_introspection_c/fake_interface_pkg/msg/detail/keypoint_pose__type_support.c.o[0m
[ 71%] [32mBuilding C object CMakeFiles/fake_interface_pkg__rosidl_typesupport_introspection_c.dir/rosidl_typesupport_introspection_c/fake_interface_pkg/msg/detail/action_plan__type_support.c.o[0m
[ 71%] [32mBuilding C object CMakeFiles/fake_interface_pkg__rosidl_typesupport_introspection_c.dir/rosidl_typesupport_introspection_c/fake_interface_pkg/msg/detail/object_pose__type_support.c.o[0m
[ 73%] [32mBuilding C object CMakeFiles/fake_interface_pkg__rosidl_typesupport_introspection_c.dir/rosidl_typesupport_introspection_c/fake_interface_pkg/msg/detail/keypoint_pose_array__type_support.c.o[0m
[ 74%] [32m[1mLinking C shared library libfake_interface_pkg__rosidl_typesupport_introspection_c.so[0m
[ 74%] Built target fake_interface_pkg__rosidl_typesupport_introspection_c
[ 76%] [32m[1mLinking CXX shared library libfake_interface_pkg__rosidl_typesupport_cpp.so[0m
[ 76%] Built target fake_interface_pkg__rosidl_typesupport_cpp
[ 77%] [32m[1mLinking CXX shared library libfake_interface_pkg__rosidl_typesupport_introspection_cpp.so[0m
[ 78%] [32m[1mLinking CXX shared library libfake_interface_pkg__rosidl_typesupport_fastrtps_c.so[0m
[ 78%] Built target fake_interface_pkg__rosidl_typesupport_introspection_cpp
[ 80%] [32m[1mLinking CXX shared library libfake_interface_pkg__rosidl_typesupport_fastrtps_cpp.so[0m
[ 80%] Built target fake_interface_pkg__rosidl_typesupport_fastrtps_c
[ 80%] Built target fake_interface_pkg__rosidl_typesupport_fastrtps_cpp
[ 80%] Built target fake_interface_pkg
[ 81%] [34m[1mGenerating Python code for ROS interfaces[0m
[ 81%] Built target fake_interface_pkg__py
[ 83%] [32mBuilding C object CMakeFiles/fake_interface_pkg__rosidl_generator_py.dir/rosidl_generator_py/fake_interface_pkg/msg/_object_pose_s.c.o[0m
[ 87%] [32mBuilding C object CMakeFiles/fake_interface_pkg__rosidl_generator_py.dir/rosidl_generator_py/fake_interface_pkg/msg/_action_plan_s.c.o[0m
[ 87%] [32mBuilding C object CMakeFiles/fake_interface_pkg__rosidl_generator_py.dir/rosidl_generator_py/fake_interface_pkg/msg/_action_s.c.o[0m
[ 87%] [32mBuilding C object CMakeFiles/fake_interface_pkg__rosidl_generator_py.dir/rosidl_generator_py/fake_interface_pkg/msg/_pose_s.c.o[0m
[ 88%] [32mBuilding C object CMakeFiles/fake_interface_pkg__rosidl_generator_py.dir/rosidl_generator_py/fake_interface_pkg/msg/_keypoint_pose_array_s.c.o[0m
[ 90%] [32mBuilding C object CMakeFiles/fake_interface_pkg__rosidl_generator_py.dir/rosidl_generator_py/fake_interface_pkg/msg/_keypoint_pose_s.c.o[0m
[ 91%] [32m[1mLinking C shared library rosidl_generator_py/fake_interface_pkg/libfake_interface_pkg__rosidl_generator_py.so[0m
[ 91%] Built target fake_interface_pkg__rosidl_generator_py
[ 92%] [32mBuilding C object CMakeFiles/fake_interface_pkg__rosidl_typesupport_introspection_c__pyext.dir/rosidl_generator_py/fake_interface_pkg/_fake_interface_pkg_s.ep.rosidl_typesupport_introspection_c.c.o[0m
[ 94%] [32mBuilding C object CMakeFiles/fake_interface_pkg__rosidl_typesupport_fastrtps_c__pyext.dir/rosidl_generator_py/fake_interface_pkg/_fake_interface_pkg_s.ep.rosidl_typesupport_fastrtps_c.c.o[0m
[ 95%] [32mBuilding C object CMakeFiles/fake_interface_pkg__rosidl_typesupport_c__pyext.dir/rosidl_generator_py/fake_interface_pkg/_fake_interface_pkg_s.ep.rosidl_typesupport_c.c.o[0m
[ 98%] [32m[1mLinking C shared library rosidl_generator_py/fake_interface_pkg/fake_interface_pkg_s__rosidl_typesupport_introspection_c.cpython-310-x86_64-linux-gnu.so[0m
[ 98%] [32m[1mLinking C shared library rosidl_generator_py/fake_interface_pkg/fake_interface_pkg_s__rosidl_typesupport_fastrtps_c.cpython-310-x86_64-linux-gnu.so[0m
[100%] [32m[1mLinking C shared library rosidl_generator_py/fake_interface_pkg/fake_interface_pkg_s__rosidl_typesupport_c.cpython-310-x86_64-linux-gnu.so[0m
[100%] Built target fake_interface_pkg__rosidl_typesupport_introspection_c__pyext
[100%] Built target fake_interface_pkg__rosidl_typesupport_fastrtps_c__pyext
[100%] Built target fake_interface_pkg__rosidl_typesupport_c__pyext
-- Install configuration: ""
-- Installing: /home/snorlax/work/gradio_sam_genpose/translator_1/install/fake_interface_pkg/share/ament_index/resource_index/rosidl_interfaces/fake_interface_pkg
-- Installing: /home/snorlax/work/gradio_sam_genpose/translator_1/install/fake_interface_pkg/include/fake_interface_pkg/fake_interface_pkg
-- Installing: /home/snorlax/work/gradio_sam_genpose/translator_1/install/fake_interface_pkg/include/fake_interface_pkg/fake_interface_pkg/msg
-- Installing: /home/snorlax/work/gradio_sam_genpose/translator_1/install/fake_interface_pkg/include/fake_interface_pkg/fake_interface_pkg/msg/keypoint_pose.h
-- Installing: /home/snorlax/work/gradio_sam_genpose/translator_1/install/fake_interface_pkg/include/fake_interface_pkg/fake_interface_pkg/msg/detail
-- Installing: /home/snorlax/work/gradio_sam_genpose/translator_1/install/fake_interface_pkg/include/fake_interface_pkg/fake_interface_pkg/msg/detail/keypoint_pose_array__type_support.h
-- Installing: /home/snorlax/work/gradio_sam_genpose/translator_1/install/fake_interface_pkg/include/fake_interface_pkg/fake_interface_pkg/msg/detail/action_plan__type_support.h
-- Installing: /home/snorlax/work/gradio_sam_genpose/translator_1/install/fake_interface_pkg/include/fake_interface_pkg/fake_interface_pkg/msg/detail/keypoint_pose_array__functions.c
-- Installing: /home/snorlax/work/gradio_sam_genpose/translator_1/install/fake_interface_pkg/include/fake_interface_pkg/fake_interface_pkg/msg/detail/object_pose__struct.h
-- Installing: /home/snorlax/work/gradio_sam_genpose/translator_1/install/fake_interface_pkg/include/fake_interface_pkg/fake_interface_pkg/msg/detail/pose__struct.h
-- Installing: /home/snorlax/work/gradio_sam_genpose/translator_1/install/fake_interface_pkg/include/fake_interface_pkg/fake_interface_pkg/msg/detail/keypoint_pose__type_support.h
-- Installing: /home/snorlax/work/gradio_sam_genpose/translator_1/install/fake_interface_pkg/include/fake_interface_pkg/fake_interface_pkg/msg/detail/pose__type_support.h
-- Installing: /home/snorlax/work/gradio_sam_genpose/translator_1/install/fake_interface_pkg/include/fake_interface_pkg/fake_interface_pkg/msg/detail/pose__functions.h
-- Installing: /home/snorlax/work/gradio_sam_genpose/translator_1/install/fake_interface_pkg/include/fake_interface_pkg/fake_interface_pkg/msg/detail/action__type_support.h
-- Installing: /home/snorlax/work/gradio_sam_genpose/translator_1/install/fake_interface_pkg/include/fake_interface_pkg/fake_interface_pkg/msg/detail/keypoint_pose_array__struct.h
-- Installing: /home/snorlax/work/gradio_sam_genpose/translator_1/install/fake_interface_pkg/include/fake_interface_pkg/fake_interface_pkg/msg/detail/action__struct.h
-- Installing: /home/snorlax/work/gradio_sam_genpose/translator_1/install/fake_interface_pkg/include/fake_interface_pkg/fake_interface_pkg/msg/detail/object_pose__functions.c
-- Installing: /home/snorlax/work/gradio_sam_genpose/translator_1/install/fake_interface_pkg/include/fake_interface_pkg/fake_interface_pkg/msg/detail/keypoint_pose__functions.c
-- Installing: /home/snorlax/work/gradio_sam_genpose/translator_1/install/fake_interface_pkg/include/fake_interface_pkg/fake_interface_pkg/msg/detail/keypoint_pose__functions.h
-- Installing: /home/snorlax/work/gradio_sam_genpose/translator_1/install/fake_interface_pkg/include/fake_interface_pkg/fake_interface_pkg/msg/detail/action__functions.c
-- Installing: /home/snorlax/work/gradio_sam_genpose/translator_1/install/fake_interface_pkg/include/fake_interface_pkg/fake_interface_pkg/msg/detail/pose__functions.c
-- Installing: /home/snorlax/work/gradio_sam_genpose/translator_1/install/fake_interface_pkg/include/fake_interface_pkg/fake_interface_pkg/msg/detail/action_plan__struct.h
-- Installing: /home/snorlax/work/gradio_sam_genpose/translator_1/install/fake_interface_pkg/include/fake_interface_pkg/fake_interface_pkg/msg/detail/object_pose__functions.h
-- Installing: /home/snorlax/work/gradio_sam_genpose/translator_1/install/fake_interface_pkg/include/fake_interface_pkg/fake_interface_pkg/msg/detail/action_plan__functions.c
-- Installing: /home/snorlax/work/gradio_sam_genpose/translator_1/install/fake_interface_pkg/include/fake_interface_pkg/fake_interface_pkg/msg/detail/object_pose__type_support.h
-- Installing: /home/snorlax/work/gradio_sam_genpose/translator_1/install/fake_interface_pkg/include/fake_interface_pkg/fake_interface_pkg/msg/detail/keypoint_pose__struct.h
-- Installing: /home/snorlax/work/gradio_sam_genpose/translator_1/install/fake_interface_pkg/include/fake_interface_pkg/fake_interface_pkg/msg/detail/action_plan__functions.h
-- Installing: /home/snorlax/work/gradio_sam_genpose/translator_1/install/fake_interface_pkg/include/fake_interface_pkg/fake_interface_pkg/msg/detail/action__functions.h
-- Installing: /home/snorlax/work/gradio_sam_genpose/translator_1/install/fake_interface_pkg/include/fake_interface_pkg/fake_interface_pkg/msg/detail/keypoint_pose_array__functions.h
-- Installing: /home/snorlax/work/gradio_sam_genpose/translator_1/install/fake_interface_pkg/include/fake_interface_pkg/fake_interface_pkg/msg/action.h
-- Installing: /home/snorlax/work/gradio_sam_genpose/translator_1/install/fake_interface_pkg/include/fake_interface_pkg/fake_interface_pkg/msg/rosidl_generator_c__visibility_control.h
-- Installing: /home/snorlax/work/gradio_sam_genpose/translator_1/install/fake_interface_pkg/include/fake_interface_pkg/fake_interface_pkg/msg/action_plan.h
-- Installing: /home/snorlax/work/gradio_sam_genpose/translator_1/install/fake_interface_pkg/include/fake_interface_pkg/fake_interface_pkg/msg/pose.h
-- Installing: /home/snorlax/work/gradio_sam_genpose/translator_1/install/fake_interface_pkg/include/fake_interface_pkg/fake_interface_pkg/msg/object_pose.h
-- Installing: /home/snorlax/work/gradio_sam_genpose/translator_1/install/fake_interface_pkg/include/fake_interface_pkg/fake_interface_pkg/msg/keypoint_pose_array.h
-- Installing: /home/snorlax/work/gradio_sam_genpose/translator_1/install/fake_interface_pkg/share/fake_interface_pkg/environment/library_path.sh
-- Installing: /home/snorlax/work/gradio_sam_genpose/translator_1/install/fake_interface_pkg/share/fake_interface_pkg/environment/library_path.dsv
-- Installing: /home/snorlax/work/gradio_sam_genpose/translator_1/install/fake_interface_pkg/lib/libfake_interface_pkg__rosidl_generator_c.so
-- Set runtime path of "/home/snorlax/work/gradio_sam_genpose/translator_1/install/fake_interface_pkg/lib/libfake_interface_pkg__rosidl_generator_c.so" to ""
-- Up-to-date: /home/snorlax/work/gradio_sam_genpose/translator_1/install/fake_interface_pkg/include/fake_interface_pkg/fake_interface_pkg
-- Up-to-date: /home/snorlax/work/gradio_sam_genpose/translator_1/install/fake_interface_pkg/include/fake_interface_pkg/fake_interface_pkg/msg
-- Up-to-date: /home/snorlax/work/gradio_sam_genpose/translator_1/install/fake_interface_pkg/include/fake_interface_pkg/fake_interface_pkg/msg/detail
-- Installing: /home/snorlax/work/gradio_sam_genpose/translator_1/install/fake_interface_pkg/include/fake_interface_pkg/fake_interface_pkg/msg/detail/action__rosidl_typesupport_fastrtps_c.h
-- Installing: /home/snorlax/work/gradio_sam_genpose/translator_1/install/fake_interface_pkg/include/fake_interface_pkg/fake_interface_pkg/msg/detail/keypoint_pose__rosidl_typesupport_fastrtps_c.h
-- Installing: /home/snorlax/work/gradio_sam_genpose/translator_1/install/fake_interface_pkg/include/fake_interface_pkg/fake_interface_pkg/msg/detail/pose__rosidl_typesupport_fastrtps_c.h
-- Installing: /home/snorlax/work/gradio_sam_genpose/translator_1/install/fake_interface_pkg/include/fake_interface_pkg/fake_interface_pkg/msg/detail/object_pose__rosidl_typesupport_fastrtps_c.h
-- Installing: /home/snorlax/work/gradio_sam_genpose/translator_1/install/fake_interface_pkg/include/fake_interface_pkg/fake_interface_pkg/msg/detail/keypoint_pose_array__rosidl_typesupport_fastrtps_c.h
-- Installing: /home/snorlax/work/gradio_sam_genpose/translator_1/install/fake_interface_pkg/include/fake_interface_pkg/fake_interface_pkg/msg/detail/action_plan__rosidl_typesupport_fastrtps_c.h
-- Installing: /home/snorlax/work/gradio_sam_genpose/translator_1/install/fake_interface_pkg/include/fake_interface_pkg/fake_interface_pkg/msg/rosidl_typesupport_fastrtps_c__visibility_control.h
-- Installing: /home/snorlax/work/gradio_sam_genpose/translator_1/install/fake_interface_pkg/lib/libfake_interface_pkg__rosidl_typesupport_fastrtps_c.so
-- Set runtime path of "/home/snorlax/work/gradio_sam_genpose/translator_1/install/fake_interface_pkg/lib/libfake_interface_pkg__rosidl_typesupport_fastrtps_c.so" to ""
-- Up-to-date: /home/snorlax/work/gradio_sam_genpose/translator_1/install/fake_interface_pkg/include/fake_interface_pkg/fake_interface_pkg
-- Up-to-date: /home/snorlax/work/gradio_sam_genpose/translator_1/install/fake_interface_pkg/include/fake_interface_pkg/fake_interface_pkg/msg
-- Installing: /home/snorlax/work/gradio_sam_genpose/translator_1/install/fake_interface_pkg/include/fake_interface_pkg/fake_interface_pkg/msg/rosidl_typesupport_introspection_c__visibility_control.h
-- Up-to-date: /home/snorlax/work/gradio_sam_genpose/translator_1/install/fake_interface_pkg/include/fake_interface_pkg/fake_interface_pkg/msg/detail
-- Installing: /home/snorlax/work/gradio_sam_genpose/translator_1/install/fake_interface_pkg/include/fake_interface_pkg/fake_interface_pkg/msg/detail/action__type_support.c
-- Installing: /home/snorlax/work/gradio_sam_genpose/translator_1/install/fake_interface_pkg/include/fake_interface_pkg/fake_interface_pkg/msg/detail/pose__type_support.c
-- Installing: /home/snorlax/work/gradio_sam_genpose/translator_1/install/fake_interface_pkg/include/fake_interface_pkg/fake_interface_pkg/msg/detail/action_plan__type_support.c
-- Installing: /home/snorlax/work/gradio_sam_genpose/translator_1/install/fake_interface_pkg/include/fake_interface_pkg/fake_interface_pkg/msg/detail/keypoint_pose_array__type_support.c
-- Installing: /home/snorlax/work/gradio_sam_genpose/translator_1/install/fake_interface_pkg/include/fake_interface_pkg/fake_interface_pkg/msg/detail/object_pose__rosidl_typesupport_introspection_c.h
-- Installing: /home/snorlax/work/gradio_sam_genpose/translator_1/install/fake_interface_pkg/include/fake_interface_pkg/fake_interface_pkg/msg/detail/keypoint_pose_array__rosidl_typesupport_introspection_c.h
-- Installing: /home/snorlax/work/gradio_sam_genpose/translator_1/install/fake_interface_pkg/include/fake_interface_pkg/fake_interface_pkg/msg/detail/keypoint_pose__rosidl_typesupport_introspection_c.h
-- Installing: /home/snorlax/work/gradio_sam_genpose/translator_1/install/fake_interface_pkg/include/fake_interface_pkg/fake_interface_pkg/msg/detail/action_plan__rosidl_typesupport_introspection_c.h
-- Installing: /home/snorlax/work/gradio_sam_genpose/translator_1/install/fake_interface_pkg/include/fake_interface_pkg/fake_interface_pkg/msg/detail/pose__rosidl_typesupport_introspection_c.h
-- Installing: /home/snorlax/work/gradio_sam_genpose/translator_1/install/fake_interface_pkg/include/fake_interface_pkg/fake_interface_pkg/msg/detail/action__rosidl_typesupport_introspection_c.h
-- Installing: /home/snorlax/work/gradio_sam_genpose/translator_1/install/fake_interface_pkg/include/fake_interface_pkg/fake_interface_pkg/msg/detail/keypoint_pose__type_support.c
-- Installing: /home/snorlax/work/gradio_sam_genpose/translator_1/install/fake_interface_pkg/include/fake_interface_pkg/fake_interface_pkg/msg/detail/object_pose__type_support.c
-- Installing: /home/snorlax/work/gradio_sam_genpose/translator_1/install/fake_interface_pkg/lib/libfake_interface_pkg__rosidl_typesupport_introspection_c.so
-- Set runtime path of "/home/snorlax/work/gradio_sam_genpose/translator_1/install/fake_interface_pkg/lib/libfake_interface_pkg__rosidl_typesupport_introspection_c.so" to ""
-- Installing: /home/snorlax/work/gradio_sam_genpose/translator_1/install/fake_interface_pkg/lib/libfake_interface_pkg__rosidl_typesupport_c.so
-- Set runtime path of "/home/snorlax/work/gradio_sam_genpose/translator_1/install/fake_interface_pkg/lib/libfake_interface_pkg__rosidl_typesupport_c.so" to ""
-- Up-to-date: /home/snorlax/work/gradio_sam_genpose/translator_1/install/fake_interface_pkg/include/fake_interface_pkg/fake_interface_pkg
-- Up-to-date: /home/snorlax/work/gradio_sam_genpose/translator_1/install/fake_interface_pkg/include/fake_interface_pkg/fake_interface_pkg/msg
-- Installing: /home/snorlax/work/gradio_sam_genpose/translator_1/install/fake_interface_pkg/include/fake_interface_pkg/fake_interface_pkg/msg/object_pose.hpp
-- Installing: /home/snorlax/work/gradio_sam_genpose/translator_1/install/fake_interface_pkg/include/fake_interface_pkg/fake_interface_pkg/msg/pose.hpp
-- Up-to-date: /home/snorlax/work/gradio_sam_genpose/translator_1/install/fake_interface_pkg/include/fake_interface_pkg/fake_interface_pkg/msg/detail
-- Installing: /home/snorlax/work/gradio_sam_genpose/translator_1/install/fake_interface_pkg/include/fake_interface_pkg/fake_interface_pkg/msg/detail/action__struct.hpp
-- Installing: /home/snorlax/work/gradio_sam_genpose/translator_1/install/fake_interface_pkg/include/fake_interface_pkg/fake_interface_pkg/msg/detail/action_plan__struct.hpp
-- Installing: /home/snorlax/work/gradio_sam_genpose/translator_1/install/fake_interface_pkg/include/fake_interface_pkg/fake_interface_pkg/msg/detail/action_plan__type_support.hpp
-- Installing: /home/snorlax/work/gradio_sam_genpose/translator_1/install/fake_interface_pkg/include/fake_interface_pkg/fake_interface_pkg/msg/detail/action_plan__traits.hpp
-- Installing: /home/snorlax/work/gradio_sam_genpose/translator_1/install/fake_interface_pkg/include/fake_interface_pkg/fake_interface_pkg/msg/detail/action__builder.hpp
-- Installing: /home/snorlax/work/gradio_sam_genpose/translator_1/install/fake_interface_pkg/include/fake_interface_pkg/fake_interface_pkg/msg/detail/action_plan__builder.hpp
-- Installing: /home/snorlax/work/gradio_sam_genpose/translator_1/install/fake_interface_pkg/include/fake_interface_pkg/fake_interface_pkg/msg/detail/keypoint_pose__traits.hpp
-- Installing: /home/snorlax/work/gradio_sam_genpose/translator_1/install/fake_interface_pkg/include/fake_interface_pkg/fake_interface_pkg/msg/detail/pose__type_support.hpp
-- Installing: /home/snorlax/work/gradio_sam_genpose/translator_1/install/fake_interface_pkg/include/fake_interface_pkg/fake_interface_pkg/msg/detail/object_pose__type_support.hpp
-- Installing: /home/snorlax/work/gradio_sam_genpose/translator_1/install/fake_interface_pkg/include/fake_interface_pkg/fake_interface_pkg/msg/detail/keypoint_pose_array__builder.hpp
-- Installing: /home/snorlax/work/gradio_sam_genpose/translator_1/install/fake_interface_pkg/include/fake_interface_pkg/fake_interface_pkg/msg/detail/keypoint_pose__struct.hpp
-- Installing: /home/snorlax/work/gradio_sam_genpose/translator_1/install/fake_interface_pkg/include/fake_interface_pkg/fake_interface_pkg/msg/detail/object_pose__struct.hpp
-- Installing: /home/snorlax/work/gradio_sam_genpose/translator_1/install/fake_interface_pkg/include/fake_interface_pkg/fake_interface_pkg/msg/detail/action__traits.hpp
-- Installing: /home/snorlax/work/gradio_sam_genpose/translator_1/install/fake_interface_pkg/include/fake_interface_pkg/fake_interface_pkg/msg/detail/pose__builder.hpp
-- Installing: /home/snorlax/work/gradio_sam_genpose/translator_1/install/fake_interface_pkg/include/fake_interface_pkg/fake_interface_pkg/msg/detail/object_pose__traits.hpp
-- Installing: /home/snorlax/work/gradio_sam_genpose/translator_1/install/fake_interface_pkg/include/fake_interface_pkg/fake_interface_pkg/msg/detail/keypoint_pose__type_support.hpp
-- Installing: /home/snorlax/work/gradio_sam_genpose/translator_1/install/fake_interface_pkg/include/fake_interface_pkg/fake_interface_pkg/msg/detail/keypoint_pose_array__struct.hpp
-- Installing: /home/snorlax/work/gradio_sam_genpose/translator_1/install/fake_interface_pkg/include/fake_interface_pkg/fake_interface_pkg/msg/detail/keypoint_pose_array__type_support.hpp
-- Installing: /home/snorlax/work/gradio_sam_genpose/translator_1/install/fake_interface_pkg/include/fake_interface_pkg/fake_interface_pkg/msg/detail/keypoint_pose_array__traits.hpp
-- Installing: /home/snorlax/work/gradio_sam_genpose/translator_1/install/fake_interface_pkg/include/fake_interface_pkg/fake_interface_pkg/msg/detail/action__type_support.hpp
-- Installing: /home/snorlax/work/gradio_sam_genpose/translator_1/install/fake_interface_pkg/include/fake_interface_pkg/fake_interface_pkg/msg/detail/pose__traits.hpp
-- Installing: /home/snorlax/work/gradio_sam_genpose/translator_1/install/fake_interface_pkg/include/fake_interface_pkg/fake_interface_pkg/msg/detail/keypoint_pose__builder.hpp
-- Installing: /home/snorlax/work/gradio_sam_genpose/translator_1/install/fake_interface_pkg/include/fake_interface_pkg/fake_interface_pkg/msg/detail/object_pose__builder.hpp
-- Installing: /home/snorlax/work/gradio_sam_genpose/translator_1/install/fake_interface_pkg/include/fake_interface_pkg/fake_interface_pkg/msg/detail/pose__struct.hpp
-- Installing: /home/snorlax/work/gradio_sam_genpose/translator_1/install/fake_interface_pkg/include/fake_interface_pkg/fake_interface_pkg/msg/rosidl_generator_cpp__visibility_control.hpp
-- Installing: /home/snorlax/work/gradio_sam_genpose/translator_1/install/fake_interface_pkg/include/fake_interface_pkg/fake_interface_pkg/msg/action.hpp
-- Installing: /home/snorlax/work/gradio_sam_genpose/translator_1/install/fake_interface_pkg/include/fake_interface_pkg/fake_interface_pkg/msg/keypoint_pose_array.hpp
-- Installing: /home/snorlax/work/gradio_sam_genpose/translator_1/install/fake_interface_pkg/include/fake_interface_pkg/fake_interface_pkg/msg/action_plan.hpp
-- Installing: /home/snorlax/work/gradio_sam_genpose/translator_1/install/fake_interface_pkg/include/fake_interface_pkg/fake_interface_pkg/msg/keypoint_pose.hpp
-- Up-to-date: /home/snorlax/work/gradio_sam_genpose/translator_1/install/fake_interface_pkg/include/fake_interface_pkg/fake_interface_pkg
-- Up-to-date: /home/snorlax/work/gradio_sam_genpose/translator_1/install/fake_interface_pkg/include/fake_interface_pkg/fake_interface_pkg/msg
-- Installing: /home/snorlax/work/gradio_sam_genpose/translator_1/install/fake_interface_pkg/include/fake_interface_pkg/fake_interface_pkg/msg/rosidl_typesupport_fastrtps_cpp__visibility_control.h
-- Up-to-date: /home/snorlax/work/gradio_sam_genpose/translator_1/install/fake_interface_pkg/include/fake_interface_pkg/fake_interface_pkg/msg/detail
-- Installing: /home/snorlax/work/gradio_sam_genpose/translator_1/install/fake_interface_pkg/include/fake_interface_pkg/fake_interface_pkg/msg/detail/object_pose__rosidl_typesupport_fastrtps_cpp.hpp
-- Installing: /home/snorlax/work/gradio_sam_genpose/translator_1/install/fake_interface_pkg/include/fake_interface_pkg/fake_interface_pkg/msg/detail/pose__rosidl_typesupport_fastrtps_cpp.hpp
-- Installing: /home/snorlax/work/gradio_sam_genpose/translator_1/install/fake_interface_pkg/include/fake_interface_pkg/fake_interface_pkg/msg/detail/dds_fastrtps
-- Installing: /home/snorlax/work/gradio_sam_genpose/translator_1/install/fake_interface_pkg/include/fake_interface_pkg/fake_interface_pkg/msg/detail/action__rosidl_typesupport_fastrtps_cpp.hpp
-- Installing: /home/snorlax/work/gradio_sam_genpose/translator_1/install/fake_interface_pkg/include/fake_interface_pkg/fake_interface_pkg/msg/detail/keypoint_pose_array__rosidl_typesupport_fastrtps_cpp.hpp
-- Installing: /home/snorlax/work/gradio_sam_genpose/translator_1/install/fake_interface_pkg/include/fake_interface_pkg/fake_interface_pkg/msg/detail/action_plan__rosidl_typesupport_fastrtps_cpp.hpp
-- Installing: /home/snorlax/work/gradio_sam_genpose/translator_1/install/fake_interface_pkg/include/fake_interface_pkg/fake_interface_pkg/msg/detail/keypoint_pose__rosidl_typesupport_fastrtps_cpp.hpp
-- Installing: /home/snorlax/work/gradio_sam_genpose/translator_1/install/fake_interface_pkg/lib/libfake_interface_pkg__rosidl_typesupport_fastrtps_cpp.so
-- Set runtime path of "/home/snorlax/work/gradio_sam_genpose/translator_1/install/fake_interface_pkg/lib/libfake_interface_pkg__rosidl_typesupport_fastrtps_cpp.so" to ""
-- Up-to-date: /home/snorlax/work/gradio_sam_genpose/translator_1/install/fake_interface_pkg/include/fake_interface_pkg/fake_interface_pkg
-- Up-to-date: /home/snorlax/work/gradio_sam_genpose/translator_1/install/fake_interface_pkg/include/fake_interface_pkg/fake_interface_pkg/msg
-- Up-to-date: /home/snorlax/work/gradio_sam_genpose/translator_1/install/fake_interface_pkg/include/fake_interface_pkg/fake_interface_pkg/msg/detail
-- Installing: /home/snorlax/work/gradio_sam_genpose/translator_1/install/fake_interface_pkg/include/fake_interface_pkg/fake_interface_pkg/msg/detail/object_pose__rosidl_typesupport_introspection_cpp.hpp
-- Installing: /home/snorlax/work/gradio_sam_genpose/translator_1/install/fake_interface_pkg/include/fake_interface_pkg/fake_interface_pkg/msg/detail/action__type_support.cpp
-- Installing: /home/snorlax/work/gradio_sam_genpose/translator_1/install/fake_interface_pkg/include/fake_interface_pkg/fake_interface_pkg/msg/detail/keypoint_pose__type_support.cpp
-- Installing: /home/snorlax/work/gradio_sam_genpose/translator_1/install/fake_interface_pkg/include/fake_interface_pkg/fake_interface_pkg/msg/detail/action__rosidl_typesupport_introspection_cpp.hpp
-- Installing: /home/snorlax/work/gradio_sam_genpose/translator_1/install/fake_interface_pkg/include/fake_interface_pkg/fake_interface_pkg/msg/detail/action_plan__rosidl_typesupport_introspection_cpp.hpp
-- Installing: /home/snorlax/work/gradio_sam_genpose/translator_1/install/fake_interface_pkg/include/fake_interface_pkg/fake_interface_pkg/msg/detail/keypoint_pose_array__type_support.cpp
-- Installing: /home/snorlax/work/gradio_sam_genpose/translator_1/install/fake_interface_pkg/include/fake_interface_pkg/fake_interface_pkg/msg/detail/keypoint_pose_array__rosidl_typesupport_introspection_cpp.hpp
-- Installing: /home/snorlax/work/gradio_sam_genpose/translator_1/install/fake_interface_pkg/include/fake_interface_pkg/fake_interface_pkg/msg/detail/pose__rosidl_typesupport_introspection_cpp.hpp
-- Installing: /home/snorlax/work/gradio_sam_genpose/translator_1/install/fake_interface_pkg/include/fake_interface_pkg/fake_interface_pkg/msg/detail/action_plan__type_support.cpp
-- Installing: /home/snorlax/work/gradio_sam_genpose/translator_1/install/fake_interface_pkg/include/fake_interface_pkg/fake_interface_pkg/msg/detail/keypoint_pose__rosidl_typesupport_introspection_cpp.hpp
-- Installing: /home/snorlax/work/gradio_sam_genpose/translator_1/install/fake_interface_pkg/include/fake_interface_pkg/fake_interface_pkg/msg/detail/object_pose__type_support.cpp
-- Installing: /home/snorlax/work/gradio_sam_genpose/translator_1/install/fake_interface_pkg/include/fake_interface_pkg/fake_interface_pkg/msg/detail/pose__type_support.cpp
-- Installing: /home/snorlax/work/gradio_sam_genpose/translator_1/install/fake_interface_pkg/lib/libfake_interface_pkg__rosidl_typesupport_introspection_cpp.so
-- Set runtime path of "/home/snorlax/work/gradio_sam_genpose/translator_1/install/fake_interface_pkg/lib/libfake_interface_pkg__rosidl_typesupport_introspection_cpp.so" to ""
-- Installing: /home/snorlax/work/gradio_sam_genpose/translator_1/install/fake_interface_pkg/lib/libfake_interface_pkg__rosidl_typesupport_cpp.so
-- Set runtime path of "/home/snorlax/work/gradio_sam_genpose/translator_1/install/fake_interface_pkg/lib/libfake_interface_pkg__rosidl_typesupport_cpp.so" to ""
-- Installing: /home/snorlax/work/gradio_sam_genpose/translator_1/install/fake_interface_pkg/share/fake_interface_pkg/environment/pythonpath.sh
-- Installing: /home/snorlax/work/gradio_sam_genpose/translator_1/install/fake_interface_pkg/share/fake_interface_pkg/environment/pythonpath.dsv
-- Installing: /home/snorlax/work/gradio_sam_genpose/translator_1/install/fake_interface_pkg/local/lib/python3.10/dist-packages/fake_interface_pkg-0.0.0-py3.10.egg-info
-- Installing: /home/snorlax/work/gradio_sam_genpose/translator_1/install/fake_interface_pkg/local/lib/python3.10/dist-packages/fake_interface_pkg-0.0.0-py3.10.egg-info/PKG-INFO
-- Installing: /home/snorlax/work/gradio_sam_genpose/translator_1/install/fake_interface_pkg/local/lib/python3.10/dist-packages/fake_interface_pkg-0.0.0-py3.10.egg-info/SOURCES.txt
-- Installing: /home/snorlax/work/gradio_sam_genpose/translator_1/install/fake_interface_pkg/local/lib/python3.10/dist-packages/fake_interface_pkg-0.0.0-py3.10.egg-info/top_level.txt
-- Installing: /home/snorlax/work/gradio_sam_genpose/translator_1/install/fake_interface_pkg/local/lib/python3.10/dist-packages/fake_interface_pkg-0.0.0-py3.10.egg-info/dependency_links.txt
-- Installing: /home/snorlax/work/gradio_sam_genpose/translator_1/install/fake_interface_pkg/local/lib/python3.10/dist-packages/fake_interface_pkg
-- Installing: /home/snorlax/work/gradio_sam_genpose/translator_1/install/fake_interface_pkg/local/lib/python3.10/dist-packages/fake_interface_pkg/fake_interface_pkg_s__rosidl_typesupport_introspection_c.cpython-310-x86_64-linux-gnu.so
-- Installing: /home/snorlax/work/gradio_sam_genpose/translator_1/install/fake_interface_pkg/local/lib/python3.10/dist-packages/fake_interface_pkg/libfake_interface_pkg__rosidl_generator_py.so
-- Installing: /home/snorlax/work/gradio_sam_genpose/translator_1/install/fake_interface_pkg/local/lib/python3.10/dist-packages/fake_interface_pkg/msg
-- Installing: /home/snorlax/work/gradio_sam_genpose/translator_1/install/fake_interface_pkg/local/lib/python3.10/dist-packages/fake_interface_pkg/msg/_action_plan_s.c
-- Installing: /home/snorlax/work/gradio_sam_genpose/translator_1/install/fake_interface_pkg/local/lib/python3.10/dist-packages/fake_interface_pkg/msg/_action_s.c
-- Installing: /home/snorlax/work/gradio_sam_genpose/translator_1/install/fake_interface_pkg/local/lib/python3.10/dist-packages/fake_interface_pkg/msg/_keypoint_pose_array_s.c
-- Installing: /home/snorlax/work/gradio_sam_genpose/translator_1/install/fake_interface_pkg/local/lib/python3.10/dist-packages/fake_interface_pkg/msg/_keypoint_pose.py
-- Installing: /home/snorlax/work/gradio_sam_genpose/translator_1/install/fake_interface_pkg/local/lib/python3.10/dist-packages/fake_interface_pkg/msg/_pose_s.c
-- Installing: /home/snorlax/work/gradio_sam_genpose/translator_1/install/fake_interface_pkg/local/lib/python3.10/dist-packages/fake_interface_pkg/msg/__init__.py
-- Installing: /home/snorlax/work/gradio_sam_genpose/translator_1/install/fake_interface_pkg/local/lib/python3.10/dist-packages/fake_interface_pkg/msg/_action.py
-- Installing: /home/snorlax/work/gradio_sam_genpose/translator_1/install/fake_interface_pkg/local/lib/python3.10/dist-packages/fake_interface_pkg/msg/_object_pose.py
-- Installing: /home/snorlax/work/gradio_sam_genpose/translator_1/install/fake_interface_pkg/local/lib/python3.10/dist-packages/fake_interface_pkg/msg/_keypoint_pose_s.c
-- Installing: /home/snorlax/work/gradio_sam_genpose/translator_1/install/fake_interface_pkg/local/lib/python3.10/dist-packages/fake_interface_pkg/msg/_keypoint_pose_array.py
-- Installing: /home/snorlax/work/gradio_sam_genpose/translator_1/install/fake_interface_pkg/local/lib/python3.10/dist-packages/fake_interface_pkg/msg/_pose.py
-- Installing: /home/snorlax/work/gradio_sam_genpose/translator_1/install/fake_interface_pkg/local/lib/python3.10/dist-packages/fake_interface_pkg/msg/_object_pose_s.c
-- Installing: /home/snorlax/work/gradio_sam_genpose/translator_1/install/fake_interface_pkg/local/lib/python3.10/dist-packages/fake_interface_pkg/msg/_action_plan.py
-- Installing: /home/snorlax/work/gradio_sam_genpose/translator_1/install/fake_interface_pkg/local/lib/python3.10/dist-packages/fake_interface_pkg/__init__.py
-- Installing: /home/snorlax/work/gradio_sam_genpose/translator_1/install/fake_interface_pkg/local/lib/python3.10/dist-packages/fake_interface_pkg/fake_interface_pkg_s__rosidl_typesupport_c.cpython-310-x86_64-linux-gnu.so
-- Installing: /home/snorlax/work/gradio_sam_genpose/translator_1/install/fake_interface_pkg/local/lib/python3.10/dist-packages/fake_interface_pkg/fake_interface_pkg_s__rosidl_typesupport_fastrtps_c.cpython-310-x86_64-linux-gnu.so
-- Installing: /home/snorlax/work/gradio_sam_genpose/translator_1/install/fake_interface_pkg/local/lib/python3.10/dist-packages/fake_interface_pkg/_fake_interface_pkg_s.ep.rosidl_typesupport_introspection_c.c
-- Installing: /home/snorlax/work/gradio_sam_genpose/translator_1/install/fake_interface_pkg/local/lib/python3.10/dist-packages/fake_interface_pkg/_fake_interface_pkg_s.ep.rosidl_typesupport_c.c
-- Installing: /home/snorlax/work/gradio_sam_genpose/translator_1/install/fake_interface_pkg/local/lib/python3.10/dist-packages/fake_interface_pkg/_fake_interface_pkg_s.ep.rosidl_typesupport_fastrtps_c.c
Listing '/home/snorlax/work/gradio_sam_genpose/translator_1/install/fake_interface_pkg/local/lib/python3.10/dist-packages/fake_interface_pkg'...
Compiling '/home/snorlax/work/gradio_sam_genpose/translator_1/install/fake_interface_pkg/local/lib/python3.10/dist-packages/fake_interface_pkg/__init__.py'...
Listing '/home/snorlax/work/gradio_sam_genpose/translator_1/install/fake_interface_pkg/local/lib/python3.10/dist-packages/fake_interface_pkg/msg'...
Compiling '/home/snorlax/work/gradio_sam_genpose/translator_1/install/fake_interface_pkg/local/lib/python3.10/dist-packages/fake_interface_pkg/msg/__init__.py'...
Compiling '/home/snorlax/work/gradio_sam_genpose/translator_1/install/fake_interface_pkg/local/lib/python3.10/dist-packages/fake_interface_pkg/msg/_action.py'...
Compiling '/home/snorlax/work/gradio_sam_genpose/translator_1/install/fake_interface_pkg/local/lib/python3.10/dist-packages/fake_interface_pkg/msg/_action_plan.py'...
Compiling '/home/snorlax/work/gradio_sam_genpose/translator_1/install/fake_interface_pkg/local/lib/python3.10/dist-packages/fake_interface_pkg/msg/_keypoint_pose.py'...
Compiling '/home/snorlax/work/gradio_sam_genpose/translator_1/install/fake_interface_pkg/local/lib/python3.10/dist-packages/fake_interface_pkg/msg/_keypoint_pose_array.py'...
Compiling '/home/snorlax/work/gradio_sam_genpose/translator_1/install/fake_interface_pkg/local/lib/python3.10/dist-packages/fake_interface_pkg/msg/_object_pose.py'...
Compiling '/home/snorlax/work/gradio_sam_genpose/translator_1/install/fake_interface_pkg/local/lib/python3.10/dist-packages/fake_interface_pkg/msg/_pose.py'...
-- Installing: /home/snorlax/work/gradio_sam_genpose/translator_1/install/fake_interface_pkg/local/lib/python3.10/dist-packages/fake_interface_pkg/fake_interface_pkg_s__rosidl_typesupport_fastrtps_c.cpython-310-x86_64-linux-gnu.so
-- Set runtime path of "/home/snorlax/work/gradio_sam_genpose/translator_1/install/fake_interface_pkg/local/lib/python3.10/dist-packages/fake_interface_pkg/fake_interface_pkg_s__rosidl_typesupport_fastrtps_c.cpython-310-x86_64-linux-gnu.so" to ""
-- Installing: /home/snorlax/work/gradio_sam_genpose/translator_1/install/fake_interface_pkg/local/lib/python3.10/dist-packages/fake_interface_pkg/fake_interface_pkg_s__rosidl_typesupport_introspection_c.cpython-310-x86_64-linux-gnu.so
-- Set runtime path of "/home/snorlax/work/gradio_sam_genpose/translator_1/install/fake_interface_pkg/local/lib/python3.10/dist-packages/fake_interface_pkg/fake_interface_pkg_s__rosidl_typesupport_introspection_c.cpython-310-x86_64-linux-gnu.so" to ""
-- Installing: /home/snorlax/work/gradio_sam_genpose/translator_1/install/fake_interface_pkg/local/lib/python3.10/dist-packages/fake_interface_pkg/fake_interface_pkg_s__rosidl_typesupport_c.cpython-310-x86_64-linux-gnu.so
-- Set runtime path of "/home/snorlax/work/gradio_sam_genpose/translator_1/install/fake_interface_pkg/local/lib/python3.10/dist-packages/fake_interface_pkg/fake_interface_pkg_s__rosidl_typesupport_c.cpython-310-x86_64-linux-gnu.so" to ""
-- Installing: /home/snorlax/work/gradio_sam_genpose/translator_1/install/fake_interface_pkg/lib/libfake_interface_pkg__rosidl_generator_py.so
-- Set runtime path of "/home/snorlax/work/gradio_sam_genpose/translator_1/install/fake_interface_pkg/lib/libfake_interface_pkg__rosidl_generator_py.so" to ""
-- Installing: /home/snorlax/work/gradio_sam_genpose/translator_1/install/fake_interface_pkg/share/fake_interface_pkg/msg/ObjectPose.idl
-- Installing: /home/snorlax/work/gradio_sam_genpose/translator_1/install/fake_interface_pkg/share/fake_interface_pkg/msg/Action.idl
-- Installing: /home/snorlax/work/gradio_sam_genpose/translator_1/install/fake_interface_pkg/share/fake_interface_pkg/msg/Pose.idl
-- Installing: /home/snorlax/work/gradio_sam_genpose/translator_1/install/fake_interface_pkg/share/fake_interface_pkg/msg/ActionPlan.idl
-- Installing: /home/snorlax/work/gradio_sam_genpose/translator_1/install/fake_interface_pkg/share/fake_interface_pkg/msg/KeypointPose.idl
-- Installing: /home/snorlax/work/gradio_sam_genpose/translator_1/install/fake_interface_pkg/share/fake_interface_pkg/msg/KeypointPoseArray.idl
-- Installing: /home/snorlax/work/gradio_sam_genpose/translator_1/install/fake_interface_pkg/share/fake_interface_pkg/msg/ObjectPose.msg
-- Installing: /home/snorlax/work/gradio_sam_genpose/translator_1/install/fake_interface_pkg/share/fake_interface_pkg/msg/Action.msg
-- Installing: /home/snorlax/work/gradio_sam_genpose/translator_1/install/fake_interface_pkg/share/fake_interface_pkg/msg/Pose.msg
-- Installing: /home/snorlax/work/gradio_sam_genpose/translator_1/install/fake_interface_pkg/share/fake_interface_pkg/msg/ActionPlan.msg
-- Installing: /home/snorlax/work/gradio_sam_genpose/translator_1/install/fake_interface_pkg/share/fake_interface_pkg/msg/KeypointPose.msg
-- Installing: /home/snorlax/work/gradio_sam_genpose/translator_1/install/fake_interface_pkg/share/fake_interface_pkg/msg/KeypointPoseArray.msg
-- Installing: /home/snorlax/work/gradio_sam_genpose/translator_1/install/fake_interface_pkg/share/ament_index/resource_index/package_run_dependencies/fake_interface_pkg
-- Installing: /home/snorlax/work/gradio_sam_genpose/translator_1/install/fake_interface_pkg/share/ament_index/resource_index/parent_prefix_path/fake_interface_pkg
-- Installing: /home/snorlax/work/gradio_sam_genpose/translator_1/install/fake_interface_pkg/share/fake_interface_pkg/environment/ament_prefix_path.sh
-- Installing: /home/snorlax/work/gradio_sam_genpose/translator_1/install/fake_interface_pkg/share/fake_interface_pkg/environment/ament_prefix_path.dsv
-- Installing: /home/snorlax/work/gradio_sam_genpose/translator_1/install/fake_interface_pkg/share/fake_interface_pkg/environment/path.sh
-- Installing: /home/snorlax/work/gradio_sam_genpose/translator_1/install/fake_interface_pkg/share/fake_interface_pkg/environment/path.dsv
-- Installing: /home/snorlax/work/gradio_sam_genpose/translator_1/install/fake_interface_pkg/share/fake_interface_pkg/local_setup.bash
-- Installing: /home/snorlax/work/gradio_sam_genpose/translator_1/install/fake_interface_pkg/share/fake_interface_pkg/local_setup.sh
-- Installing: /home/snorlax/work/gradio_sam_genpose/translator_1/install/fake_interface_pkg/share/fake_interface_pkg/local_setup.zsh
-- Installing: /home/snorlax/work/gradio_sam_genpose/translator_1/install/fake_interface_pkg/share/fake_interface_pkg/local_setup.dsv
-- Installing: /home/snorlax/work/gradio_sam_genpose/translator_1/install/fake_interface_pkg/share/fake_interface_pkg/package.dsv
-- Installing: /home/snorlax/work/gradio_sam_genpose/translator_1/install/fake_interface_pkg/share/ament_index/resource_index/packages/fake_interface_pkg
-- Installing: /home/snorlax/work/gradio_sam_genpose/translator_1/install/fake_interface_pkg/share/fake_interface_pkg/cmake/export_fake_interface_pkg__rosidl_generator_cExport.cmake
-- Installing: /home/snorlax/work/gradio_sam_genpose/translator_1/install/fake_interface_pkg/share/fake_interface_pkg/cmake/export_fake_interface_pkg__rosidl_generator_cExport-noconfig.cmake
-- Installing: /home/snorlax/work/gradio_sam_genpose/translator_1/install/fake_interface_pkg/share/fake_interface_pkg/cmake/export_fake_interface_pkg__rosidl_typesupport_fastrtps_cExport.cmake
-- Installing: /home/snorlax/work/gradio_sam_genpose/translator_1/install/fake_interface_pkg/share/fake_interface_pkg/cmake/export_fake_interface_pkg__rosidl_typesupport_fastrtps_cExport-noconfig.cmake
-- Installing: /home/snorlax/work/gradio_sam_genpose/translator_1/install/fake_interface_pkg/share/fake_interface_pkg/cmake/fake_interface_pkg__rosidl_typesupport_introspection_cExport.cmake
-- Installing: /home/snorlax/work/gradio_sam_genpose/translator_1/install/fake_interface_pkg/share/fake_interface_pkg/cmake/fake_interface_pkg__rosidl_typesupport_introspection_cExport-noconfig.cmake
-- Installing: /home/snorlax/work/gradio_sam_genpose/translator_1/install/fake_interface_pkg/share/fake_interface_pkg/cmake/fake_interface_pkg__rosidl_typesupport_cExport.cmake
-- Installing: /home/snorlax/work/gradio_sam_genpose/translator_1/install/fake_interface_pkg/share/fake_interface_pkg/cmake/fake_interface_pkg__rosidl_typesupport_cExport-noconfig.cmake
-- Installing: /home/snorlax/work/gradio_sam_genpose/translator_1/install/fake_interface_pkg/share/fake_interface_pkg/cmake/export_fake_interface_pkg__rosidl_generator_cppExport.cmake
-- Installing: /home/snorlax/work/gradio_sam_genpose/translator_1/install/fake_interface_pkg/share/fake_interface_pkg/cmake/export_fake_interface_pkg__rosidl_typesupport_fastrtps_cppExport.cmake
-- Installing: /home/snorlax/work/gradio_sam_genpose/translator_1/install/fake_interface_pkg/share/fake_interface_pkg/cmake/export_fake_interface_pkg__rosidl_typesupport_fastrtps_cppExport-noconfig.cmake
-- Installing: /home/snorlax/work/gradio_sam_genpose/translator_1/install/fake_interface_pkg/share/fake_interface_pkg/cmake/fake_interface_pkg__rosidl_typesupport_introspection_cppExport.cmake
-- Installing: /home/snorlax/work/gradio_sam_genpose/translator_1/install/fake_interface_pkg/share/fake_interface_pkg/cmake/fake_interface_pkg__rosidl_typesupport_introspection_cppExport-noconfig.cmake
-- Installing: /home/snorlax/work/gradio_sam_genpose/translator_1/install/fake_interface_pkg/share/fake_interface_pkg/cmake/fake_interface_pkg__rosidl_typesupport_cppExport.cmake
-- Installing: /home/snorlax/work/gradio_sam_genpose/translator_1/install/fake_interface_pkg/share/fake_interface_pkg/cmake/fake_interface_pkg__rosidl_typesupport_cppExport-noconfig.cmake
-- Installing: /home/snorlax/work/gradio_sam_genpose/translator_1/install/fake_interface_pkg/share/fake_interface_pkg/cmake/export_fake_interface_pkg__rosidl_generator_pyExport.cmake
-- Installing: /home/snorlax/work/gradio_sam_genpose/translator_1/install/fake_interface_pkg/share/fake_interface_pkg/cmake/export_fake_interface_pkg__rosidl_generator_pyExport-noconfig.cmake
-- Installing: /home/snorlax/work/gradio_sam_genpose/translator_1/install/fake_interface_pkg/share/fake_interface_pkg/cmake/rosidl_cmake-extras.cmake
-- Installing: /home/snorlax/work/gradio_sam_genpose/translator_1/install/fake_interface_pkg/share/fake_interface_pkg/cmake/ament_cmake_export_dependencies-extras.cmake
-- Installing: /home/snorlax/work/gradio_sam_genpose/translator_1/install/fake_interface_pkg/share/fake_interface_pkg/cmake/ament_cmake_export_include_directories-extras.cmake
-- Installing: /home/snorlax/work/gradio_sam_genpose/translator_1/install/fake_interface_pkg/share/fake_interface_pkg/cmake/ament_cmake_export_libraries-extras.cmake
-- Installing: /home/snorlax/work/gradio_sam_genpose/translator_1/install/fake_interface_pkg/share/fake_interface_pkg/cmake/ament_cmake_export_targets-extras.cmake
-- Installing: /home/snorlax/work/gradio_sam_genpose/translator_1/install/fake_interface_pkg/share/fake_interface_pkg/cmake/rosidl_cmake_export_typesupport_targets-extras.cmake
-- Installing: /home/snorlax/work/gradio_sam_genpose/translator_1/install/fake_interface_pkg/share/fake_interface_pkg/cmake/rosidl_cmake_export_typesupport_libraries-extras.cmake
-- Installing: /home/snorlax/work/gradio_sam_genpose/translator_1/install/fake_interface_pkg/share/fake_interface_pkg/cmake/fake_interface_pkgConfig.cmake
-- Installing: /home/snorlax/work/gradio_sam_genpose/translator_1/install/fake_interface_pkg/share/fake_interface_pkg/cmake/fake_interface_pkgConfig-version.cmake
-- Installing: /home/snorlax/work/gradio_sam_genpose/translator_1/install/fake_interface_pkg/share/fake_interface_pkg/package.xml
