[0.006s] Invoking command in '/home/snorlax/work/gradio_sam_genpose/translator_1/build/fake_interface_pkg': /usr/bin/cmake /home/snorlax/work/gradio_sam_genpose/translator_1/src/fake_interface_pkg -DCATKIN_INSTALL_INTO_PREFIX_ROOT=0 -DCMAKE_INSTALL_PREFIX=/home/snorlax/work/gradio_sam_genpose/translator_1/install/fake_interface_pkg
[0.037s] -- The C compiler identification is GNU 12.3.0
[0.063s] -- The CXX compiler identification is GNU 12.3.0
[0.066s] -- Detecting C compiler ABI info
[0.104s] -- Detecting C compiler ABI info - done
[0.107s] -- Check for working C compiler: /usr/bin/cc - skipped
[0.107s] -- Detecting C compile features
[0.107s] -- Detecting C compile features - done
[0.108s] -- Detecting CXX compiler ABI info
[0.148s] -- Detecting CXX compiler ABI info - done
[0.151s] -- Check for working CXX compiler: /usr/bin/c++ - skipped
[0.151s] -- Detecting CXX compile features
[0.152s] -- Detecting CXX compile features - done
[0.153s] -- Found ament_cmake: 1.3.12 (/opt/ros/humble/share/ament_cmake/cmake)
[0.219s] -- Found Python3: /usr/bin/python3 (found version "3.10.12") found components: Interpreter 
[0.254s] -- Found rosidl_default_generators: 1.2.0 (/opt/ros/humble/share/rosidl_default_generators/cmake)
[0.255s] -- Using all available rosidl_typesupport_c: rosidl_typesupport_fastrtps_c;rosidl_typesupport_introspection_c
[0.257s] -- Found rosidl_adapter: 3.1.7 (/opt/ros/humble/share/rosidl_adapter/cmake)
[0.271s] -- Using all available rosidl_typesupport_cpp: rosidl_typesupport_fastrtps_cpp;rosidl_typesupport_introspection_cpp
[0.283s] -- Found geometry_msgs: 4.9.0 (/opt/ros/humble/share/geometry_msgs/cmake)
[0.436s] -- Found ament_cmake_ros: 0.10.0 (/opt/ros/humble/share/ament_cmake_ros/cmake)
[0.545s] -- Using all available rosidl_typesupport_c: rosidl_typesupport_fastrtps_c;rosidl_typesupport_introspection_c
[0.690s] -- Using all available rosidl_typesupport_cpp: rosidl_typesupport_fastrtps_cpp;rosidl_typesupport_introspection_cpp
[0.702s] -- Found PythonInterp: /usr/bin/python3 (found suitable version "3.10.12", minimum required is "3.6") 
[0.703s] -- Found python_cmake_module: 0.10.0 (/opt/ros/humble/share/python_cmake_module/cmake)
[0.717s] -- Found PythonLibs: /usr/lib/x86_64-linux-gnu/libpython3.10.so (found suitable version "3.10.12", minimum required is "3.5") 
[0.717s] -- Using PYTHON_EXECUTABLE: /usr/bin/python3
[0.717s] -- Using PYTHON_INCLUDE_DIRS: /usr/include/python3.10
[0.717s] -- Using PYTHON_LIBRARIES: /usr/lib/x86_64-linux-gnu/libpython3.10.so
[0.726s] -- Found PythonExtra: .so  
[0.756s] -- Configuring done
[0.772s] -- Generating done
[0.773s] [33mCMake Warning:
[0.773s]   Manually-specified variables were not used by the project:
[0.773s] 
[0.773s]     CATKIN_INSTALL_INTO_PREFIX_ROOT
[0.773s] 
[0.773s] [0m
[0.777s] -- Build files have been written to: /home/snorlax/work/gradio_sam_genpose/translator_1/build/fake_interface_pkg
[0.783s] Invoked command in '/home/snorlax/work/gradio_sam_genpose/translator_1/build/fake_interface_pkg' returned '0': /usr/bin/cmake /home/snorlax/work/gradio_sam_genpose/translator_1/src/fake_interface_pkg -DCATKIN_INSTALL_INTO_PREFIX_ROOT=0 -DCMAKE_INSTALL_PREFIX=/home/snorlax/work/gradio_sam_genpose/translator_1/install/fake_interface_pkg
[0.783s] Invoking command in '/home/snorlax/work/gradio_sam_genpose/translator_1/build/fake_interface_pkg': /usr/bin/cmake --build /home/snorlax/work/gradio_sam_genpose/translator_1/build/fake_interface_pkg -- -j32 -l32
[0.805s] [  1%] [34m[1mGenerating C code for ROS interfaces[0m
[0.810s] [  2%] [34m[1mGenerating C++ code for ROS interfaces[0m
[0.813s] [  2%] Built target ament_cmake_python_copy_fake_interface_pkg
[0.902s] running egg_info
[0.903s] creating fake_interface_pkg.egg-info
[0.903s] writing fake_interface_pkg.egg-info/PKG-INFO
[0.903s] writing dependency_links to fake_interface_pkg.egg-info/dependency_links.txt
[0.903s] writing top-level names to fake_interface_pkg.egg-info/top_level.txt
[0.903s] writing manifest file 'fake_interface_pkg.egg-info/SOURCES.txt'
[0.904s] reading manifest file 'fake_interface_pkg.egg-info/SOURCES.txt'
[0.904s] writing manifest file 'fake_interface_pkg.egg-info/SOURCES.txt'
[0.918s] [  2%] Built target ament_cmake_python_build_fake_interface_pkg_egg
[1.049s] [  5%] [32mBuilding C object CMakeFiles/fake_interface_pkg__rosidl_generator_c.dir/rosidl_generator_c/fake_interface_pkg/msg/detail/action__functions.c.o[0m
[1.049s] [  5%] [32mBuilding C object CMakeFiles/fake_interface_pkg__rosidl_generator_c.dir/rosidl_generator_c/fake_interface_pkg/msg/detail/object_pose__functions.c.o[0m
[1.049s] [  7%] [32mBuilding C object CMakeFiles/fake_interface_pkg__rosidl_generator_c.dir/rosidl_generator_c/fake_interface_pkg/msg/detail/pose__functions.c.o[0m
[1.050s] [  8%] [32mBuilding C object CMakeFiles/fake_interface_pkg__rosidl_generator_c.dir/rosidl_generator_c/fake_interface_pkg/msg/detail/action_plan__functions.c.o[0m
[1.050s] [  9%] [32mBuilding C object CMakeFiles/fake_interface_pkg__rosidl_generator_c.dir/rosidl_generator_c/fake_interface_pkg/msg/detail/keypoint_pose_array__functions.c.o[0m
[1.050s] [ 11%] [32mBuilding C object CMakeFiles/fake_interface_pkg__rosidl_generator_c.dir/rosidl_generator_c/fake_interface_pkg/msg/detail/keypoint_pose__functions.c.o[0m
[1.052s] [ 11%] Built target fake_interface_pkg__cpp
[1.058s] [ 12%] [34m[1mGenerating C++ introspection for ROS interfaces[0m
[1.058s] [ 15%] [34m[1mGenerating C++ type support for eProsima Fast-RTPS[0m
[1.058s] [ 15%] [34m[1mGenerating C++ type support dispatch for ROS interfaces[0m
[1.088s] [ 16%] [32m[1mLinking C shared library libfake_interface_pkg__rosidl_generator_c.so[0m
[1.107s] [ 16%] Built target fake_interface_pkg__rosidl_generator_c
[1.113s] [ 21%] [34m[1mGenerating C introspection for ROS interfaces[0m
[1.113s] [ 21%] [34m[1mGenerating C type support for eProsima Fast-RTPS[0m
[1.113s] [ 21%] [34m[1mGenerating C type support dispatch for ROS interfaces[0m
[1.249s] [ 26%] [32mBuilding CXX object CMakeFiles/fake_interface_pkg__rosidl_typesupport_cpp.dir/rosidl_typesupport_cpp/fake_interface_pkg/msg/pose__type_support.cpp.o[0m
[1.249s] [ 26%] [32mBuilding CXX object CMakeFiles/fake_interface_pkg__rosidl_typesupport_cpp.dir/rosidl_typesupport_cpp/fake_interface_pkg/msg/keypoint_pose__type_support.cpp.o[0m
[1.249s] [ 26%] [32mBuilding CXX object CMakeFiles/fake_interface_pkg__rosidl_typesupport_cpp.dir/rosidl_typesupport_cpp/fake_interface_pkg/msg/action_plan__type_support.cpp.o[0m
[1.249s] [ 26%] [32mBuilding CXX object CMakeFiles/fake_interface_pkg__rosidl_typesupport_cpp.dir/rosidl_typesupport_cpp/fake_interface_pkg/msg/object_pose__type_support.cpp.o[0m
[1.249s] [ 28%] [32mBuilding CXX object CMakeFiles/fake_interface_pkg__rosidl_typesupport_cpp.dir/rosidl_typesupport_cpp/fake_interface_pkg/msg/action__type_support.cpp.o[0m
[1.249s] [ 29%] [32mBuilding CXX object CMakeFiles/fake_interface_pkg__rosidl_typesupport_cpp.dir/rosidl_typesupport_cpp/fake_interface_pkg/msg/keypoint_pose_array__type_support.cpp.o[0m
[1.266s] [ 33%] [32mBuilding CXX object CMakeFiles/fake_interface_pkg__rosidl_typesupport_introspection_cpp.dir/rosidl_typesupport_introspection_cpp/fake_interface_pkg/msg/detail/action_plan__type_support.cpp.o[0m
[1.266s] [ 33%] [32mBuilding CXX object CMakeFiles/fake_interface_pkg__rosidl_typesupport_introspection_cpp.dir/rosidl_typesupport_introspection_cpp/fake_interface_pkg/msg/detail/keypoint_pose_array__type_support.cpp.o[0m
[1.266s] [ 33%] [32mBuilding CXX object CMakeFiles/fake_interface_pkg__rosidl_typesupport_introspection_cpp.dir/rosidl_typesupport_introspection_cpp/fake_interface_pkg/msg/detail/action__type_support.cpp.o[0m
[1.266s] [ 38%] [32mBuilding CXX object CMakeFiles/fake_interface_pkg__rosidl_typesupport_introspection_cpp.dir/rosidl_typesupport_introspection_cpp/fake_interface_pkg/msg/detail/object_pose__type_support.cpp.o[0m
[1.266s] [ 38%] [32mBuilding CXX object CMakeFiles/fake_interface_pkg__rosidl_typesupport_introspection_cpp.dir/rosidl_typesupport_introspection_cpp/fake_interface_pkg/msg/detail/keypoint_pose__type_support.cpp.o[0m
[1.266s] [ 38%] [32mBuilding CXX object CMakeFiles/fake_interface_pkg__rosidl_typesupport_introspection_cpp.dir/rosidl_typesupport_introspection_cpp/fake_interface_pkg/msg/detail/pose__type_support.cpp.o[0m
[1.294s] [ 40%] [32mBuilding CXX object CMakeFiles/fake_interface_pkg__rosidl_typesupport_fastrtps_cpp.dir/rosidl_typesupport_fastrtps_cpp/fake_interface_pkg/msg/detail/dds_fastrtps/action__type_support.cpp.o[0m
[1.294s] [ 40%] [32mBuilding CXX object CMakeFiles/fake_interface_pkg__rosidl_typesupport_fastrtps_cpp.dir/rosidl_typesupport_fastrtps_cpp/fake_interface_pkg/msg/detail/dds_fastrtps/action_plan__type_support.cpp.o[0m
[1.294s] [ 45%] [32mBuilding CXX object CMakeFiles/fake_interface_pkg__rosidl_typesupport_fastrtps_cpp.dir/rosidl_typesupport_fastrtps_cpp/fake_interface_pkg/msg/detail/dds_fastrtps/object_pose__type_support.cpp.o[0m
[1.294s] [ 45%] [32mBuilding CXX object CMakeFiles/fake_interface_pkg__rosidl_typesupport_fastrtps_cpp.dir/rosidl_typesupport_fastrtps_cpp/fake_interface_pkg/msg/detail/dds_fastrtps/keypoint_pose__type_support.cpp.o[0m
[1.294s] [ 45%] [32mBuilding CXX object CMakeFiles/fake_interface_pkg__rosidl_typesupport_fastrtps_cpp.dir/rosidl_typesupport_fastrtps_cpp/fake_interface_pkg/msg/detail/dds_fastrtps/pose__type_support.cpp.o[0m
[1.294s] [ 46%] [32mBuilding CXX object CMakeFiles/fake_interface_pkg__rosidl_typesupport_fastrtps_cpp.dir/rosidl_typesupport_fastrtps_cpp/fake_interface_pkg/msg/detail/dds_fastrtps/keypoint_pose_array__type_support.cpp.o[0m
[1.307s] [ 49%] [32mBuilding CXX object CMakeFiles/fake_interface_pkg__rosidl_typesupport_c.dir/rosidl_typesupport_c/fake_interface_pkg/msg/keypoint_pose__type_support.cpp.o[0m
[1.307s] [ 49%] [32mBuilding CXX object CMakeFiles/fake_interface_pkg__rosidl_typesupport_c.dir/rosidl_typesupport_c/fake_interface_pkg/msg/action__type_support.cpp.o[0m
[1.307s] [ 50%] [32mBuilding CXX object CMakeFiles/fake_interface_pkg__rosidl_typesupport_c.dir/rosidl_typesupport_c/fake_interface_pkg/msg/action_plan__type_support.cpp.o[0m
[1.308s] [ 52%] [32mBuilding CXX object CMakeFiles/fake_interface_pkg__rosidl_typesupport_c.dir/rosidl_typesupport_c/fake_interface_pkg/msg/keypoint_pose_array__type_support.cpp.o[0m
[1.308s] [ 53%] [32mBuilding CXX object CMakeFiles/fake_interface_pkg__rosidl_typesupport_c.dir/rosidl_typesupport_c/fake_interface_pkg/msg/object_pose__type_support.cpp.o[0m
[1.309s] [ 54%] [32mBuilding CXX object CMakeFiles/fake_interface_pkg__rosidl_typesupport_c.dir/rosidl_typesupport_c/fake_interface_pkg/msg/pose__type_support.cpp.o[0m
[1.336s] [ 56%] [32m[1mLinking CXX shared library libfake_interface_pkg__rosidl_typesupport_c.so[0m
[1.363s] [ 57%] [32mBuilding CXX object CMakeFiles/fake_interface_pkg__rosidl_typesupport_fastrtps_c.dir/rosidl_typesupport_fastrtps_c/fake_interface_pkg/msg/detail/action__type_support_c.cpp.o[0m
[1.363s] [ 59%] [32mBuilding CXX object CMakeFiles/fake_interface_pkg__rosidl_typesupport_fastrtps_c.dir/rosidl_typesupport_fastrtps_c/fake_interface_pkg/msg/detail/keypoint_pose__type_support_c.cpp.o[0m
[1.363s] [ 60%] [32mBuilding CXX object CMakeFiles/fake_interface_pkg__rosidl_typesupport_fastrtps_c.dir/rosidl_typesupport_fastrtps_c/fake_interface_pkg/msg/detail/object_pose__type_support_c.cpp.o[0m
[1.363s] [ 61%] [32mBuilding CXX object CMakeFiles/fake_interface_pkg__rosidl_typesupport_fastrtps_c.dir/rosidl_typesupport_fastrtps_c/fake_interface_pkg/msg/detail/pose__type_support_c.cpp.o[0m
[1.365s] [ 63%] [32mBuilding CXX object CMakeFiles/fake_interface_pkg__rosidl_typesupport_fastrtps_c.dir/rosidl_typesupport_fastrtps_c/fake_interface_pkg/msg/detail/keypoint_pose_array__type_support_c.cpp.o[0m
[1.365s] [ 64%] [32mBuilding CXX object CMakeFiles/fake_interface_pkg__rosidl_typesupport_fastrtps_c.dir/rosidl_typesupport_fastrtps_c/fake_interface_pkg/msg/detail/action_plan__type_support_c.cpp.o[0m
[1.375s] [ 67%] [32mBuilding C object CMakeFiles/fake_interface_pkg__rosidl_typesupport_introspection_c.dir/rosidl_typesupport_introspection_c/fake_interface_pkg/msg/detail/action__type_support.c.o[0m
[1.375s] [ 67%] [32mBuilding C object CMakeFiles/fake_interface_pkg__rosidl_typesupport_introspection_c.dir/rosidl_typesupport_introspection_c/fake_interface_pkg/msg/detail/pose__type_support.c.o[0m
[1.375s] [ 67%] Built target fake_interface_pkg__rosidl_typesupport_c
[1.375s] [ 69%] [32mBuilding C object CMakeFiles/fake_interface_pkg__rosidl_typesupport_introspection_c.dir/rosidl_typesupport_introspection_c/fake_interface_pkg/msg/detail/keypoint_pose__type_support.c.o[0m
[1.376s] [ 71%] [32mBuilding C object CMakeFiles/fake_interface_pkg__rosidl_typesupport_introspection_c.dir/rosidl_typesupport_introspection_c/fake_interface_pkg/msg/detail/action_plan__type_support.c.o[0m
[1.376s] [ 71%] [32mBuilding C object CMakeFiles/fake_interface_pkg__rosidl_typesupport_introspection_c.dir/rosidl_typesupport_introspection_c/fake_interface_pkg/msg/detail/object_pose__type_support.c.o[0m
[1.376s] [ 73%] [32mBuilding C object CMakeFiles/fake_interface_pkg__rosidl_typesupport_introspection_c.dir/rosidl_typesupport_introspection_c/fake_interface_pkg/msg/detail/keypoint_pose_array__type_support.c.o[0m
[1.412s] [ 74%] [32m[1mLinking C shared library libfake_interface_pkg__rosidl_typesupport_introspection_c.so[0m
[1.435s] [ 74%] Built target fake_interface_pkg__rosidl_typesupport_introspection_c
[1.447s] [ 76%] [32m[1mLinking CXX shared library libfake_interface_pkg__rosidl_typesupport_cpp.so[0m
[1.472s] [ 76%] Built target fake_interface_pkg__rosidl_typesupport_cpp
[1.547s] [ 77%] [32m[1mLinking CXX shared library libfake_interface_pkg__rosidl_typesupport_introspection_cpp.so[0m
[1.580s] [ 78%] [32m[1mLinking CXX shared library libfake_interface_pkg__rosidl_typesupport_fastrtps_c.so[0m
[1.584s] [ 78%] Built target fake_interface_pkg__rosidl_typesupport_introspection_cpp
[1.585s] [ 80%] [32m[1mLinking CXX shared library libfake_interface_pkg__rosidl_typesupport_fastrtps_cpp.so[0m
[1.619s] [ 80%] Built target fake_interface_pkg__rosidl_typesupport_fastrtps_c
[1.622s] [ 80%] Built target fake_interface_pkg__rosidl_typesupport_fastrtps_cpp
[1.632s] [ 80%] Built target fake_interface_pkg
[1.643s] [ 81%] [34m[1mGenerating Python code for ROS interfaces[0m
[2.009s] [ 81%] Built target fake_interface_pkg__py
[2.019s] [ 83%] [32mBuilding C object CMakeFiles/fake_interface_pkg__rosidl_generator_py.dir/rosidl_generator_py/fake_interface_pkg/msg/_object_pose_s.c.o[0m
[2.020s] [ 87%] [32mBuilding C object CMakeFiles/fake_interface_pkg__rosidl_generator_py.dir/rosidl_generator_py/fake_interface_pkg/msg/_action_plan_s.c.o[0m
[2.020s] [ 87%] [32mBuilding C object CMakeFiles/fake_interface_pkg__rosidl_generator_py.dir/rosidl_generator_py/fake_interface_pkg/msg/_action_s.c.o[0m
[2.020s] [ 87%] [32mBuilding C object CMakeFiles/fake_interface_pkg__rosidl_generator_py.dir/rosidl_generator_py/fake_interface_pkg/msg/_pose_s.c.o[0m
[2.020s] [ 88%] [32mBuilding C object CMakeFiles/fake_interface_pkg__rosidl_generator_py.dir/rosidl_generator_py/fake_interface_pkg/msg/_keypoint_pose_array_s.c.o[0m
[2.020s] [ 90%] [32mBuilding C object CMakeFiles/fake_interface_pkg__rosidl_generator_py.dir/rosidl_generator_py/fake_interface_pkg/msg/_keypoint_pose_s.c.o[0m
[2.090s] [ 91%] [32m[1mLinking C shared library rosidl_generator_py/fake_interface_pkg/libfake_interface_pkg__rosidl_generator_py.so[0m
[2.112s] [ 91%] Built target fake_interface_pkg__rosidl_generator_py
[2.123s] [ 92%] [32mBuilding C object CMakeFiles/fake_interface_pkg__rosidl_typesupport_introspection_c__pyext.dir/rosidl_generator_py/fake_interface_pkg/_fake_interface_pkg_s.ep.rosidl_typesupport_introspection_c.c.o[0m
[2.123s] [ 94%] [32mBuilding C object CMakeFiles/fake_interface_pkg__rosidl_typesupport_fastrtps_c__pyext.dir/rosidl_generator_py/fake_interface_pkg/_fake_interface_pkg_s.ep.rosidl_typesupport_fastrtps_c.c.o[0m
[2.124s] [ 95%] [32mBuilding C object CMakeFiles/fake_interface_pkg__rosidl_typesupport_c__pyext.dir/rosidl_generator_py/fake_interface_pkg/_fake_interface_pkg_s.ep.rosidl_typesupport_c.c.o[0m
[2.173s] [ 98%] [32m[1mLinking C shared library rosidl_generator_py/fake_interface_pkg/fake_interface_pkg_s__rosidl_typesupport_introspection_c.cpython-310-x86_64-linux-gnu.so[0m
[2.173s] [ 98%] [32m[1mLinking C shared library rosidl_generator_py/fake_interface_pkg/fake_interface_pkg_s__rosidl_typesupport_fastrtps_c.cpython-310-x86_64-linux-gnu.so[0m
[2.174s] [100%] [32m[1mLinking C shared library rosidl_generator_py/fake_interface_pkg/fake_interface_pkg_s__rosidl_typesupport_c.cpython-310-x86_64-linux-gnu.so[0m
[2.192s] [100%] Built target fake_interface_pkg__rosidl_typesupport_introspection_c__pyext
[2.192s] [100%] Built target fake_interface_pkg__rosidl_typesupport_fastrtps_c__pyext
[2.193s] [100%] Built target fake_interface_pkg__rosidl_typesupport_c__pyext
[2.199s] Invoked command in '/home/snorlax/work/gradio_sam_genpose/translator_1/build/fake_interface_pkg' returned '0': /usr/bin/cmake --build /home/snorlax/work/gradio_sam_genpose/translator_1/build/fake_interface_pkg -- -j32 -l32
[2.203s] Invoking command in '/home/snorlax/work/gradio_sam_genpose/translator_1/build/fake_interface_pkg': /usr/bin/cmake --install /home/snorlax/work/gradio_sam_genpose/translator_1/build/fake_interface_pkg
[2.207s] -- Install configuration: ""
[2.207s] -- Installing: /home/snorlax/work/gradio_sam_genpose/translator_1/install/fake_interface_pkg/share/ament_index/resource_index/rosidl_interfaces/fake_interface_pkg
[2.207s] -- Installing: /home/snorlax/work/gradio_sam_genpose/translator_1/install/fake_interface_pkg/include/fake_interface_pkg/fake_interface_pkg
[2.207s] -- Installing: /home/snorlax/work/gradio_sam_genpose/translator_1/install/fake_interface_pkg/include/fake_interface_pkg/fake_interface_pkg/msg
[2.207s] -- Installing: /home/snorlax/work/gradio_sam_genpose/translator_1/install/fake_interface_pkg/include/fake_interface_pkg/fake_interface_pkg/msg/keypoint_pose.h
[2.207s] -- Installing: /home/snorlax/work/gradio_sam_genpose/translator_1/install/fake_interface_pkg/include/fake_interface_pkg/fake_interface_pkg/msg/detail
[2.207s] -- Installing: /home/snorlax/work/gradio_sam_genpose/translator_1/install/fake_interface_pkg/include/fake_interface_pkg/fake_interface_pkg/msg/detail/keypoint_pose_array__type_support.h
[2.207s] -- Installing: /home/snorlax/work/gradio_sam_genpose/translator_1/install/fake_interface_pkg/include/fake_interface_pkg/fake_interface_pkg/msg/detail/action_plan__type_support.h
[2.207s] -- Installing: /home/snorlax/work/gradio_sam_genpose/translator_1/install/fake_interface_pkg/include/fake_interface_pkg/fake_interface_pkg/msg/detail/keypoint_pose_array__functions.c
[2.207s] -- Installing: /home/snorlax/work/gradio_sam_genpose/translator_1/install/fake_interface_pkg/include/fake_interface_pkg/fake_interface_pkg/msg/detail/object_pose__struct.h
[2.207s] -- Installing: /home/snorlax/work/gradio_sam_genpose/translator_1/install/fake_interface_pkg/include/fake_interface_pkg/fake_interface_pkg/msg/detail/pose__struct.h
[2.207s] -- Installing: /home/snorlax/work/gradio_sam_genpose/translator_1/install/fake_interface_pkg/include/fake_interface_pkg/fake_interface_pkg/msg/detail/keypoint_pose__type_support.h
[2.207s] -- Installing: /home/snorlax/work/gradio_sam_genpose/translator_1/install/fake_interface_pkg/include/fake_interface_pkg/fake_interface_pkg/msg/detail/pose__type_support.h
[2.207s] -- Installing: /home/snorlax/work/gradio_sam_genpose/translator_1/install/fake_interface_pkg/include/fake_interface_pkg/fake_interface_pkg/msg/detail/pose__functions.h
[2.207s] -- Installing: /home/snorlax/work/gradio_sam_genpose/translator_1/install/fake_interface_pkg/include/fake_interface_pkg/fake_interface_pkg/msg/detail/action__type_support.h
[2.207s] -- Installing: /home/snorlax/work/gradio_sam_genpose/translator_1/install/fake_interface_pkg/include/fake_interface_pkg/fake_interface_pkg/msg/detail/keypoint_pose_array__struct.h
[2.207s] -- Installing: /home/snorlax/work/gradio_sam_genpose/translator_1/install/fake_interface_pkg/include/fake_interface_pkg/fake_interface_pkg/msg/detail/action__struct.h
[2.207s] -- Installing: /home/snorlax/work/gradio_sam_genpose/translator_1/install/fake_interface_pkg/include/fake_interface_pkg/fake_interface_pkg/msg/detail/object_pose__functions.c
[2.207s] -- Installing: /home/snorlax/work/gradio_sam_genpose/translator_1/install/fake_interface_pkg/include/fake_interface_pkg/fake_interface_pkg/msg/detail/keypoint_pose__functions.c
[2.207s] -- Installing: /home/snorlax/work/gradio_sam_genpose/translator_1/install/fake_interface_pkg/include/fake_interface_pkg/fake_interface_pkg/msg/detail/keypoint_pose__functions.h
[2.207s] -- Installing: /home/snorlax/work/gradio_sam_genpose/translator_1/install/fake_interface_pkg/include/fake_interface_pkg/fake_interface_pkg/msg/detail/action__functions.c
[2.208s] -- Installing: /home/snorlax/work/gradio_sam_genpose/translator_1/install/fake_interface_pkg/include/fake_interface_pkg/fake_interface_pkg/msg/detail/pose__functions.c
[2.208s] -- Installing: /home/snorlax/work/gradio_sam_genpose/translator_1/install/fake_interface_pkg/include/fake_interface_pkg/fake_interface_pkg/msg/detail/action_plan__struct.h
[2.208s] -- Installing: /home/snorlax/work/gradio_sam_genpose/translator_1/install/fake_interface_pkg/include/fake_interface_pkg/fake_interface_pkg/msg/detail/object_pose__functions.h
[2.208s] -- Installing: /home/snorlax/work/gradio_sam_genpose/translator_1/install/fake_interface_pkg/include/fake_interface_pkg/fake_interface_pkg/msg/detail/action_plan__functions.c
[2.208s] -- Installing: /home/snorlax/work/gradio_sam_genpose/translator_1/install/fake_interface_pkg/include/fake_interface_pkg/fake_interface_pkg/msg/detail/object_pose__type_support.h
[2.208s] -- Installing: /home/snorlax/work/gradio_sam_genpose/translator_1/install/fake_interface_pkg/include/fake_interface_pkg/fake_interface_pkg/msg/detail/keypoint_pose__struct.h
[2.208s] -- Installing: /home/snorlax/work/gradio_sam_genpose/translator_1/install/fake_interface_pkg/include/fake_interface_pkg/fake_interface_pkg/msg/detail/action_plan__functions.h
[2.208s] -- Installing: /home/snorlax/work/gradio_sam_genpose/translator_1/install/fake_interface_pkg/include/fake_interface_pkg/fake_interface_pkg/msg/detail/action__functions.h
[2.208s] -- Installing: /home/snorlax/work/gradio_sam_genpose/translator_1/install/fake_interface_pkg/include/fake_interface_pkg/fake_interface_pkg/msg/detail/keypoint_pose_array__functions.h
[2.208s] -- Installing: /home/snorlax/work/gradio_sam_genpose/translator_1/install/fake_interface_pkg/include/fake_interface_pkg/fake_interface_pkg/msg/action.h
[2.208s] -- Installing: /home/snorlax/work/gradio_sam_genpose/translator_1/install/fake_interface_pkg/include/fake_interface_pkg/fake_interface_pkg/msg/rosidl_generator_c__visibility_control.h
[2.208s] -- Installing: /home/snorlax/work/gradio_sam_genpose/translator_1/install/fake_interface_pkg/include/fake_interface_pkg/fake_interface_pkg/msg/action_plan.h
[2.208s] -- Installing: /home/snorlax/work/gradio_sam_genpose/translator_1/install/fake_interface_pkg/include/fake_interface_pkg/fake_interface_pkg/msg/pose.h
[2.208s] -- Installing: /home/snorlax/work/gradio_sam_genpose/translator_1/install/fake_interface_pkg/include/fake_interface_pkg/fake_interface_pkg/msg/object_pose.h
[2.208s] -- Installing: /home/snorlax/work/gradio_sam_genpose/translator_1/install/fake_interface_pkg/include/fake_interface_pkg/fake_interface_pkg/msg/keypoint_pose_array.h
[2.208s] -- Installing: /home/snorlax/work/gradio_sam_genpose/translator_1/install/fake_interface_pkg/share/fake_interface_pkg/environment/library_path.sh
[2.208s] -- Installing: /home/snorlax/work/gradio_sam_genpose/translator_1/install/fake_interface_pkg/share/fake_interface_pkg/environment/library_path.dsv
[2.208s] -- Installing: /home/snorlax/work/gradio_sam_genpose/translator_1/install/fake_interface_pkg/lib/libfake_interface_pkg__rosidl_generator_c.so
[2.208s] -- Set runtime path of "/home/snorlax/work/gradio_sam_genpose/translator_1/install/fake_interface_pkg/lib/libfake_interface_pkg__rosidl_generator_c.so" to ""
[2.208s] -- Up-to-date: /home/snorlax/work/gradio_sam_genpose/translator_1/install/fake_interface_pkg/include/fake_interface_pkg/fake_interface_pkg
[2.208s] -- Up-to-date: /home/snorlax/work/gradio_sam_genpose/translator_1/install/fake_interface_pkg/include/fake_interface_pkg/fake_interface_pkg/msg
[2.208s] -- Up-to-date: /home/snorlax/work/gradio_sam_genpose/translator_1/install/fake_interface_pkg/include/fake_interface_pkg/fake_interface_pkg/msg/detail
[2.208s] -- Installing: /home/snorlax/work/gradio_sam_genpose/translator_1/install/fake_interface_pkg/include/fake_interface_pkg/fake_interface_pkg/msg/detail/action__rosidl_typesupport_fastrtps_c.h
[2.208s] -- Installing: /home/snorlax/work/gradio_sam_genpose/translator_1/install/fake_interface_pkg/include/fake_interface_pkg/fake_interface_pkg/msg/detail/keypoint_pose__rosidl_typesupport_fastrtps_c.h
[2.208s] -- Installing: /home/snorlax/work/gradio_sam_genpose/translator_1/install/fake_interface_pkg/include/fake_interface_pkg/fake_interface_pkg/msg/detail/pose__rosidl_typesupport_fastrtps_c.h
[2.208s] -- Installing: /home/snorlax/work/gradio_sam_genpose/translator_1/install/fake_interface_pkg/include/fake_interface_pkg/fake_interface_pkg/msg/detail/object_pose__rosidl_typesupport_fastrtps_c.h
[2.208s] -- Installing: /home/snorlax/work/gradio_sam_genpose/translator_1/install/fake_interface_pkg/include/fake_interface_pkg/fake_interface_pkg/msg/detail/keypoint_pose_array__rosidl_typesupport_fastrtps_c.h
[2.209s] -- Installing: /home/snorlax/work/gradio_sam_genpose/translator_1/install/fake_interface_pkg/include/fake_interface_pkg/fake_interface_pkg/msg/detail/action_plan__rosidl_typesupport_fastrtps_c.h
[2.209s] -- Installing: /home/snorlax/work/gradio_sam_genpose/translator_1/install/fake_interface_pkg/include/fake_interface_pkg/fake_interface_pkg/msg/rosidl_typesupport_fastrtps_c__visibility_control.h
[2.209s] -- Installing: /home/snorlax/work/gradio_sam_genpose/translator_1/install/fake_interface_pkg/lib/libfake_interface_pkg__rosidl_typesupport_fastrtps_c.so
[2.209s] -- Set runtime path of "/home/snorlax/work/gradio_sam_genpose/translator_1/install/fake_interface_pkg/lib/libfake_interface_pkg__rosidl_typesupport_fastrtps_c.so" to ""
[2.209s] -- Up-to-date: /home/snorlax/work/gradio_sam_genpose/translator_1/install/fake_interface_pkg/include/fake_interface_pkg/fake_interface_pkg
[2.209s] -- Up-to-date: /home/snorlax/work/gradio_sam_genpose/translator_1/install/fake_interface_pkg/include/fake_interface_pkg/fake_interface_pkg/msg
[2.209s] -- Installing: /home/snorlax/work/gradio_sam_genpose/translator_1/install/fake_interface_pkg/include/fake_interface_pkg/fake_interface_pkg/msg/rosidl_typesupport_introspection_c__visibility_control.h
[2.209s] -- Up-to-date: /home/snorlax/work/gradio_sam_genpose/translator_1/install/fake_interface_pkg/include/fake_interface_pkg/fake_interface_pkg/msg/detail
[2.209s] -- Installing: /home/snorlax/work/gradio_sam_genpose/translator_1/install/fake_interface_pkg/include/fake_interface_pkg/fake_interface_pkg/msg/detail/action__type_support.c
[2.209s] -- Installing: /home/snorlax/work/gradio_sam_genpose/translator_1/install/fake_interface_pkg/include/fake_interface_pkg/fake_interface_pkg/msg/detail/pose__type_support.c
[2.209s] -- Installing: /home/snorlax/work/gradio_sam_genpose/translator_1/install/fake_interface_pkg/include/fake_interface_pkg/fake_interface_pkg/msg/detail/action_plan__type_support.c
[2.209s] -- Installing: /home/snorlax/work/gradio_sam_genpose/translator_1/install/fake_interface_pkg/include/fake_interface_pkg/fake_interface_pkg/msg/detail/keypoint_pose_array__type_support.c
[2.209s] -- Installing: /home/snorlax/work/gradio_sam_genpose/translator_1/install/fake_interface_pkg/include/fake_interface_pkg/fake_interface_pkg/msg/detail/object_pose__rosidl_typesupport_introspection_c.h
[2.209s] -- Installing: /home/snorlax/work/gradio_sam_genpose/translator_1/install/fake_interface_pkg/include/fake_interface_pkg/fake_interface_pkg/msg/detail/keypoint_pose_array__rosidl_typesupport_introspection_c.h
[2.209s] -- Installing: /home/snorlax/work/gradio_sam_genpose/translator_1/install/fake_interface_pkg/include/fake_interface_pkg/fake_interface_pkg/msg/detail/keypoint_pose__rosidl_typesupport_introspection_c.h
[2.209s] -- Installing: /home/snorlax/work/gradio_sam_genpose/translator_1/install/fake_interface_pkg/include/fake_interface_pkg/fake_interface_pkg/msg/detail/action_plan__rosidl_typesupport_introspection_c.h
[2.209s] -- Installing: /home/snorlax/work/gradio_sam_genpose/translator_1/install/fake_interface_pkg/include/fake_interface_pkg/fake_interface_pkg/msg/detail/pose__rosidl_typesupport_introspection_c.h
[2.209s] -- Installing: /home/snorlax/work/gradio_sam_genpose/translator_1/install/fake_interface_pkg/include/fake_interface_pkg/fake_interface_pkg/msg/detail/action__rosidl_typesupport_introspection_c.h
[2.209s] -- Installing: /home/snorlax/work/gradio_sam_genpose/translator_1/install/fake_interface_pkg/include/fake_interface_pkg/fake_interface_pkg/msg/detail/keypoint_pose__type_support.c
[2.209s] -- Installing: /home/snorlax/work/gradio_sam_genpose/translator_1/install/fake_interface_pkg/include/fake_interface_pkg/fake_interface_pkg/msg/detail/object_pose__type_support.c
[2.209s] -- Installing: /home/snorlax/work/gradio_sam_genpose/translator_1/install/fake_interface_pkg/lib/libfake_interface_pkg__rosidl_typesupport_introspection_c.so
[2.209s] -- Set runtime path of "/home/snorlax/work/gradio_sam_genpose/translator_1/install/fake_interface_pkg/lib/libfake_interface_pkg__rosidl_typesupport_introspection_c.so" to ""
[2.209s] -- Installing: /home/snorlax/work/gradio_sam_genpose/translator_1/install/fake_interface_pkg/lib/libfake_interface_pkg__rosidl_typesupport_c.so
[2.209s] -- Set runtime path of "/home/snorlax/work/gradio_sam_genpose/translator_1/install/fake_interface_pkg/lib/libfake_interface_pkg__rosidl_typesupport_c.so" to ""
[2.209s] -- Up-to-date: /home/snorlax/work/gradio_sam_genpose/translator_1/install/fake_interface_pkg/include/fake_interface_pkg/fake_interface_pkg
[2.209s] -- Up-to-date: /home/snorlax/work/gradio_sam_genpose/translator_1/install/fake_interface_pkg/include/fake_interface_pkg/fake_interface_pkg/msg
[2.209s] -- Installing: /home/snorlax/work/gradio_sam_genpose/translator_1/install/fake_interface_pkg/include/fake_interface_pkg/fake_interface_pkg/msg/object_pose.hpp
[2.209s] -- Installing: /home/snorlax/work/gradio_sam_genpose/translator_1/install/fake_interface_pkg/include/fake_interface_pkg/fake_interface_pkg/msg/pose.hpp
[2.210s] -- Up-to-date: /home/snorlax/work/gradio_sam_genpose/translator_1/install/fake_interface_pkg/include/fake_interface_pkg/fake_interface_pkg/msg/detail
[2.210s] -- Installing: /home/snorlax/work/gradio_sam_genpose/translator_1/install/fake_interface_pkg/include/fake_interface_pkg/fake_interface_pkg/msg/detail/action__struct.hpp
[2.210s] -- Installing: /home/snorlax/work/gradio_sam_genpose/translator_1/install/fake_interface_pkg/include/fake_interface_pkg/fake_interface_pkg/msg/detail/action_plan__struct.hpp
[2.210s] -- Installing: /home/snorlax/work/gradio_sam_genpose/translator_1/install/fake_interface_pkg/include/fake_interface_pkg/fake_interface_pkg/msg/detail/action_plan__type_support.hpp
[2.210s] -- Installing: /home/snorlax/work/gradio_sam_genpose/translator_1/install/fake_interface_pkg/include/fake_interface_pkg/fake_interface_pkg/msg/detail/action_plan__traits.hpp
[2.210s] -- Installing: /home/snorlax/work/gradio_sam_genpose/translator_1/install/fake_interface_pkg/include/fake_interface_pkg/fake_interface_pkg/msg/detail/action__builder.hpp
[2.210s] -- Installing: /home/snorlax/work/gradio_sam_genpose/translator_1/install/fake_interface_pkg/include/fake_interface_pkg/fake_interface_pkg/msg/detail/action_plan__builder.hpp
[2.210s] -- Installing: /home/snorlax/work/gradio_sam_genpose/translator_1/install/fake_interface_pkg/include/fake_interface_pkg/fake_interface_pkg/msg/detail/keypoint_pose__traits.hpp
[2.210s] -- Installing: /home/snorlax/work/gradio_sam_genpose/translator_1/install/fake_interface_pkg/include/fake_interface_pkg/fake_interface_pkg/msg/detail/pose__type_support.hpp
[2.210s] -- Installing: /home/snorlax/work/gradio_sam_genpose/translator_1/install/fake_interface_pkg/include/fake_interface_pkg/fake_interface_pkg/msg/detail/object_pose__type_support.hpp
[2.210s] -- Installing: /home/snorlax/work/gradio_sam_genpose/translator_1/install/fake_interface_pkg/include/fake_interface_pkg/fake_interface_pkg/msg/detail/keypoint_pose_array__builder.hpp
[2.210s] -- Installing: /home/snorlax/work/gradio_sam_genpose/translator_1/install/fake_interface_pkg/include/fake_interface_pkg/fake_interface_pkg/msg/detail/keypoint_pose__struct.hpp
[2.210s] -- Installing: /home/snorlax/work/gradio_sam_genpose/translator_1/install/fake_interface_pkg/include/fake_interface_pkg/fake_interface_pkg/msg/detail/object_pose__struct.hpp
[2.210s] -- Installing: /home/snorlax/work/gradio_sam_genpose/translator_1/install/fake_interface_pkg/include/fake_interface_pkg/fake_interface_pkg/msg/detail/action__traits.hpp
[2.210s] -- Installing: /home/snorlax/work/gradio_sam_genpose/translator_1/install/fake_interface_pkg/include/fake_interface_pkg/fake_interface_pkg/msg/detail/pose__builder.hpp
[2.210s] -- Installing: /home/snorlax/work/gradio_sam_genpose/translator_1/install/fake_interface_pkg/include/fake_interface_pkg/fake_interface_pkg/msg/detail/object_pose__traits.hpp
[2.210s] -- Installing: /home/snorlax/work/gradio_sam_genpose/translator_1/install/fake_interface_pkg/include/fake_interface_pkg/fake_interface_pkg/msg/detail/keypoint_pose__type_support.hpp
[2.210s] -- Installing: /home/snorlax/work/gradio_sam_genpose/translator_1/install/fake_interface_pkg/include/fake_interface_pkg/fake_interface_pkg/msg/detail/keypoint_pose_array__struct.hpp
[2.210s] -- Installing: /home/snorlax/work/gradio_sam_genpose/translator_1/install/fake_interface_pkg/include/fake_interface_pkg/fake_interface_pkg/msg/detail/keypoint_pose_array__type_support.hpp
[2.210s] -- Installing: /home/snorlax/work/gradio_sam_genpose/translator_1/install/fake_interface_pkg/include/fake_interface_pkg/fake_interface_pkg/msg/detail/keypoint_pose_array__traits.hpp
[2.210s] -- Installing: /home/snorlax/work/gradio_sam_genpose/translator_1/install/fake_interface_pkg/include/fake_interface_pkg/fake_interface_pkg/msg/detail/action__type_support.hpp
[2.210s] -- Installing: /home/snorlax/work/gradio_sam_genpose/translator_1/install/fake_interface_pkg/include/fake_interface_pkg/fake_interface_pkg/msg/detail/pose__traits.hpp
[2.210s] -- Installing: /home/snorlax/work/gradio_sam_genpose/translator_1/install/fake_interface_pkg/include/fake_interface_pkg/fake_interface_pkg/msg/detail/keypoint_pose__builder.hpp
[2.210s] -- Installing: /home/snorlax/work/gradio_sam_genpose/translator_1/install/fake_interface_pkg/include/fake_interface_pkg/fake_interface_pkg/msg/detail/object_pose__builder.hpp
[2.210s] -- Installing: /home/snorlax/work/gradio_sam_genpose/translator_1/install/fake_interface_pkg/include/fake_interface_pkg/fake_interface_pkg/msg/detail/pose__struct.hpp
[2.210s] -- Installing: /home/snorlax/work/gradio_sam_genpose/translator_1/install/fake_interface_pkg/include/fake_interface_pkg/fake_interface_pkg/msg/rosidl_generator_cpp__visibility_control.hpp
[2.210s] -- Installing: /home/snorlax/work/gradio_sam_genpose/translator_1/install/fake_interface_pkg/include/fake_interface_pkg/fake_interface_pkg/msg/action.hpp
[2.210s] -- Installing: /home/snorlax/work/gradio_sam_genpose/translator_1/install/fake_interface_pkg/include/fake_interface_pkg/fake_interface_pkg/msg/keypoint_pose_array.hpp
[2.210s] -- Installing: /home/snorlax/work/gradio_sam_genpose/translator_1/install/fake_interface_pkg/include/fake_interface_pkg/fake_interface_pkg/msg/action_plan.hpp
[2.210s] -- Installing: /home/snorlax/work/gradio_sam_genpose/translator_1/install/fake_interface_pkg/include/fake_interface_pkg/fake_interface_pkg/msg/keypoint_pose.hpp
[2.210s] -- Up-to-date: /home/snorlax/work/gradio_sam_genpose/translator_1/install/fake_interface_pkg/include/fake_interface_pkg/fake_interface_pkg
[2.211s] -- Up-to-date: /home/snorlax/work/gradio_sam_genpose/translator_1/install/fake_interface_pkg/include/fake_interface_pkg/fake_interface_pkg/msg
[2.211s] -- Installing: /home/snorlax/work/gradio_sam_genpose/translator_1/install/fake_interface_pkg/include/fake_interface_pkg/fake_interface_pkg/msg/rosidl_typesupport_fastrtps_cpp__visibility_control.h
[2.211s] -- Up-to-date: /home/snorlax/work/gradio_sam_genpose/translator_1/install/fake_interface_pkg/include/fake_interface_pkg/fake_interface_pkg/msg/detail
[2.211s] -- Installing: /home/snorlax/work/gradio_sam_genpose/translator_1/install/fake_interface_pkg/include/fake_interface_pkg/fake_interface_pkg/msg/detail/object_pose__rosidl_typesupport_fastrtps_cpp.hpp
[2.211s] -- Installing: /home/snorlax/work/gradio_sam_genpose/translator_1/install/fake_interface_pkg/include/fake_interface_pkg/fake_interface_pkg/msg/detail/pose__rosidl_typesupport_fastrtps_cpp.hpp
[2.211s] -- Installing: /home/snorlax/work/gradio_sam_genpose/translator_1/install/fake_interface_pkg/include/fake_interface_pkg/fake_interface_pkg/msg/detail/dds_fastrtps
[2.211s] -- Installing: /home/snorlax/work/gradio_sam_genpose/translator_1/install/fake_interface_pkg/include/fake_interface_pkg/fake_interface_pkg/msg/detail/action__rosidl_typesupport_fastrtps_cpp.hpp
[2.211s] -- Installing: /home/snorlax/work/gradio_sam_genpose/translator_1/install/fake_interface_pkg/include/fake_interface_pkg/fake_interface_pkg/msg/detail/keypoint_pose_array__rosidl_typesupport_fastrtps_cpp.hpp
[2.211s] -- Installing: /home/snorlax/work/gradio_sam_genpose/translator_1/install/fake_interface_pkg/include/fake_interface_pkg/fake_interface_pkg/msg/detail/action_plan__rosidl_typesupport_fastrtps_cpp.hpp
[2.211s] -- Installing: /home/snorlax/work/gradio_sam_genpose/translator_1/install/fake_interface_pkg/include/fake_interface_pkg/fake_interface_pkg/msg/detail/keypoint_pose__rosidl_typesupport_fastrtps_cpp.hpp
[2.211s] -- Installing: /home/snorlax/work/gradio_sam_genpose/translator_1/install/fake_interface_pkg/lib/libfake_interface_pkg__rosidl_typesupport_fastrtps_cpp.so
[2.211s] -- Set runtime path of "/home/snorlax/work/gradio_sam_genpose/translator_1/install/fake_interface_pkg/lib/libfake_interface_pkg__rosidl_typesupport_fastrtps_cpp.so" to ""
[2.211s] -- Up-to-date: /home/snorlax/work/gradio_sam_genpose/translator_1/install/fake_interface_pkg/include/fake_interface_pkg/fake_interface_pkg
[2.211s] -- Up-to-date: /home/snorlax/work/gradio_sam_genpose/translator_1/install/fake_interface_pkg/include/fake_interface_pkg/fake_interface_pkg/msg
[2.211s] -- Up-to-date: /home/snorlax/work/gradio_sam_genpose/translator_1/install/fake_interface_pkg/include/fake_interface_pkg/fake_interface_pkg/msg/detail
[2.211s] -- Installing: /home/snorlax/work/gradio_sam_genpose/translator_1/install/fake_interface_pkg/include/fake_interface_pkg/fake_interface_pkg/msg/detail/object_pose__rosidl_typesupport_introspection_cpp.hpp
[2.211s] -- Installing: /home/snorlax/work/gradio_sam_genpose/translator_1/install/fake_interface_pkg/include/fake_interface_pkg/fake_interface_pkg/msg/detail/action__type_support.cpp
[2.211s] -- Installing: /home/snorlax/work/gradio_sam_genpose/translator_1/install/fake_interface_pkg/include/fake_interface_pkg/fake_interface_pkg/msg/detail/keypoint_pose__type_support.cpp
[2.211s] -- Installing: /home/snorlax/work/gradio_sam_genpose/translator_1/install/fake_interface_pkg/include/fake_interface_pkg/fake_interface_pkg/msg/detail/action__rosidl_typesupport_introspection_cpp.hpp
[2.211s] -- Installing: /home/snorlax/work/gradio_sam_genpose/translator_1/install/fake_interface_pkg/include/fake_interface_pkg/fake_interface_pkg/msg/detail/action_plan__rosidl_typesupport_introspection_cpp.hpp
[2.211s] -- Installing: /home/snorlax/work/gradio_sam_genpose/translator_1/install/fake_interface_pkg/include/fake_interface_pkg/fake_interface_pkg/msg/detail/keypoint_pose_array__type_support.cpp
[2.211s] -- Installing: /home/snorlax/work/gradio_sam_genpose/translator_1/install/fake_interface_pkg/include/fake_interface_pkg/fake_interface_pkg/msg/detail/keypoint_pose_array__rosidl_typesupport_introspection_cpp.hpp
[2.211s] -- Installing: /home/snorlax/work/gradio_sam_genpose/translator_1/install/fake_interface_pkg/include/fake_interface_pkg/fake_interface_pkg/msg/detail/pose__rosidl_typesupport_introspection_cpp.hpp
[2.211s] -- Installing: /home/snorlax/work/gradio_sam_genpose/translator_1/install/fake_interface_pkg/include/fake_interface_pkg/fake_interface_pkg/msg/detail/action_plan__type_support.cpp
[2.211s] -- Installing: /home/snorlax/work/gradio_sam_genpose/translator_1/install/fake_interface_pkg/include/fake_interface_pkg/fake_interface_pkg/msg/detail/keypoint_pose__rosidl_typesupport_introspection_cpp.hpp
[2.211s] -- Installing: /home/snorlax/work/gradio_sam_genpose/translator_1/install/fake_interface_pkg/include/fake_interface_pkg/fake_interface_pkg/msg/detail/object_pose__type_support.cpp
[2.211s] -- Installing: /home/snorlax/work/gradio_sam_genpose/translator_1/install/fake_interface_pkg/include/fake_interface_pkg/fake_interface_pkg/msg/detail/pose__type_support.cpp
[2.211s] -- Installing: /home/snorlax/work/gradio_sam_genpose/translator_1/install/fake_interface_pkg/lib/libfake_interface_pkg__rosidl_typesupport_introspection_cpp.so
[2.212s] -- Set runtime path of "/home/snorlax/work/gradio_sam_genpose/translator_1/install/fake_interface_pkg/lib/libfake_interface_pkg__rosidl_typesupport_introspection_cpp.so" to ""
[2.212s] -- Installing: /home/snorlax/work/gradio_sam_genpose/translator_1/install/fake_interface_pkg/lib/libfake_interface_pkg__rosidl_typesupport_cpp.so
[2.212s] -- Set runtime path of "/home/snorlax/work/gradio_sam_genpose/translator_1/install/fake_interface_pkg/lib/libfake_interface_pkg__rosidl_typesupport_cpp.so" to ""
[2.212s] -- Installing: /home/snorlax/work/gradio_sam_genpose/translator_1/install/fake_interface_pkg/share/fake_interface_pkg/environment/pythonpath.sh
[2.212s] -- Installing: /home/snorlax/work/gradio_sam_genpose/translator_1/install/fake_interface_pkg/share/fake_interface_pkg/environment/pythonpath.dsv
[2.212s] -- Installing: /home/snorlax/work/gradio_sam_genpose/translator_1/install/fake_interface_pkg/local/lib/python3.10/dist-packages/fake_interface_pkg-0.0.0-py3.10.egg-info
[2.212s] -- Installing: /home/snorlax/work/gradio_sam_genpose/translator_1/install/fake_interface_pkg/local/lib/python3.10/dist-packages/fake_interface_pkg-0.0.0-py3.10.egg-info/PKG-INFO
[2.212s] -- Installing: /home/snorlax/work/gradio_sam_genpose/translator_1/install/fake_interface_pkg/local/lib/python3.10/dist-packages/fake_interface_pkg-0.0.0-py3.10.egg-info/SOURCES.txt
[2.212s] -- Installing: /home/snorlax/work/gradio_sam_genpose/translator_1/install/fake_interface_pkg/local/lib/python3.10/dist-packages/fake_interface_pkg-0.0.0-py3.10.egg-info/top_level.txt
[2.212s] -- Installing: /home/snorlax/work/gradio_sam_genpose/translator_1/install/fake_interface_pkg/local/lib/python3.10/dist-packages/fake_interface_pkg-0.0.0-py3.10.egg-info/dependency_links.txt
[2.212s] -- Installing: /home/snorlax/work/gradio_sam_genpose/translator_1/install/fake_interface_pkg/local/lib/python3.10/dist-packages/fake_interface_pkg
[2.212s] -- Installing: /home/snorlax/work/gradio_sam_genpose/translator_1/install/fake_interface_pkg/local/lib/python3.10/dist-packages/fake_interface_pkg/fake_interface_pkg_s__rosidl_typesupport_introspection_c.cpython-310-x86_64-linux-gnu.so
[2.212s] -- Installing: /home/snorlax/work/gradio_sam_genpose/translator_1/install/fake_interface_pkg/local/lib/python3.10/dist-packages/fake_interface_pkg/libfake_interface_pkg__rosidl_generator_py.so
[2.212s] -- Installing: /home/snorlax/work/gradio_sam_genpose/translator_1/install/fake_interface_pkg/local/lib/python3.10/dist-packages/fake_interface_pkg/msg
[2.212s] -- Installing: /home/snorlax/work/gradio_sam_genpose/translator_1/install/fake_interface_pkg/local/lib/python3.10/dist-packages/fake_interface_pkg/msg/_action_plan_s.c
[2.212s] -- Installing: /home/snorlax/work/gradio_sam_genpose/translator_1/install/fake_interface_pkg/local/lib/python3.10/dist-packages/fake_interface_pkg/msg/_action_s.c
[2.212s] -- Installing: /home/snorlax/work/gradio_sam_genpose/translator_1/install/fake_interface_pkg/local/lib/python3.10/dist-packages/fake_interface_pkg/msg/_keypoint_pose_array_s.c
[2.212s] -- Installing: /home/snorlax/work/gradio_sam_genpose/translator_1/install/fake_interface_pkg/local/lib/python3.10/dist-packages/fake_interface_pkg/msg/_keypoint_pose.py
[2.212s] -- Installing: /home/snorlax/work/gradio_sam_genpose/translator_1/install/fake_interface_pkg/local/lib/python3.10/dist-packages/fake_interface_pkg/msg/_pose_s.c
[2.212s] -- Installing: /home/snorlax/work/gradio_sam_genpose/translator_1/install/fake_interface_pkg/local/lib/python3.10/dist-packages/fake_interface_pkg/msg/__init__.py
[2.212s] -- Installing: /home/snorlax/work/gradio_sam_genpose/translator_1/install/fake_interface_pkg/local/lib/python3.10/dist-packages/fake_interface_pkg/msg/_action.py
[2.212s] -- Installing: /home/snorlax/work/gradio_sam_genpose/translator_1/install/fake_interface_pkg/local/lib/python3.10/dist-packages/fake_interface_pkg/msg/_object_pose.py
[2.212s] -- Installing: /home/snorlax/work/gradio_sam_genpose/translator_1/install/fake_interface_pkg/local/lib/python3.10/dist-packages/fake_interface_pkg/msg/_keypoint_pose_s.c
[2.212s] -- Installing: /home/snorlax/work/gradio_sam_genpose/translator_1/install/fake_interface_pkg/local/lib/python3.10/dist-packages/fake_interface_pkg/msg/_keypoint_pose_array.py
[2.212s] -- Installing: /home/snorlax/work/gradio_sam_genpose/translator_1/install/fake_interface_pkg/local/lib/python3.10/dist-packages/fake_interface_pkg/msg/_pose.py
[2.212s] -- Installing: /home/snorlax/work/gradio_sam_genpose/translator_1/install/fake_interface_pkg/local/lib/python3.10/dist-packages/fake_interface_pkg/msg/_object_pose_s.c
[2.212s] -- Installing: /home/snorlax/work/gradio_sam_genpose/translator_1/install/fake_interface_pkg/local/lib/python3.10/dist-packages/fake_interface_pkg/msg/_action_plan.py
[2.212s] -- Installing: /home/snorlax/work/gradio_sam_genpose/translator_1/install/fake_interface_pkg/local/lib/python3.10/dist-packages/fake_interface_pkg/__init__.py
[2.212s] -- Installing: /home/snorlax/work/gradio_sam_genpose/translator_1/install/fake_interface_pkg/local/lib/python3.10/dist-packages/fake_interface_pkg/fake_interface_pkg_s__rosidl_typesupport_c.cpython-310-x86_64-linux-gnu.so
[2.212s] -- Installing: /home/snorlax/work/gradio_sam_genpose/translator_1/install/fake_interface_pkg/local/lib/python3.10/dist-packages/fake_interface_pkg/fake_interface_pkg_s__rosidl_typesupport_fastrtps_c.cpython-310-x86_64-linux-gnu.so
[2.212s] -- Installing: /home/snorlax/work/gradio_sam_genpose/translator_1/install/fake_interface_pkg/local/lib/python3.10/dist-packages/fake_interface_pkg/_fake_interface_pkg_s.ep.rosidl_typesupport_introspection_c.c
[2.212s] -- Installing: /home/snorlax/work/gradio_sam_genpose/translator_1/install/fake_interface_pkg/local/lib/python3.10/dist-packages/fake_interface_pkg/_fake_interface_pkg_s.ep.rosidl_typesupport_c.c
[2.213s] -- Installing: /home/snorlax/work/gradio_sam_genpose/translator_1/install/fake_interface_pkg/local/lib/python3.10/dist-packages/fake_interface_pkg/_fake_interface_pkg_s.ep.rosidl_typesupport_fastrtps_c.c
[2.229s] Listing '/home/snorlax/work/gradio_sam_genpose/translator_1/install/fake_interface_pkg/local/lib/python3.10/dist-packages/fake_interface_pkg'...
[2.230s] Compiling '/home/snorlax/work/gradio_sam_genpose/translator_1/install/fake_interface_pkg/local/lib/python3.10/dist-packages/fake_interface_pkg/__init__.py'...
[2.230s] Listing '/home/snorlax/work/gradio_sam_genpose/translator_1/install/fake_interface_pkg/local/lib/python3.10/dist-packages/fake_interface_pkg/msg'...
[2.230s] Compiling '/home/snorlax/work/gradio_sam_genpose/translator_1/install/fake_interface_pkg/local/lib/python3.10/dist-packages/fake_interface_pkg/msg/__init__.py'...
[2.230s] Compiling '/home/snorlax/work/gradio_sam_genpose/translator_1/install/fake_interface_pkg/local/lib/python3.10/dist-packages/fake_interface_pkg/msg/_action.py'...
[2.230s] Compiling '/home/snorlax/work/gradio_sam_genpose/translator_1/install/fake_interface_pkg/local/lib/python3.10/dist-packages/fake_interface_pkg/msg/_action_plan.py'...
[2.230s] Compiling '/home/snorlax/work/gradio_sam_genpose/translator_1/install/fake_interface_pkg/local/lib/python3.10/dist-packages/fake_interface_pkg/msg/_keypoint_pose.py'...
[2.230s] Compiling '/home/snorlax/work/gradio_sam_genpose/translator_1/install/fake_interface_pkg/local/lib/python3.10/dist-packages/fake_interface_pkg/msg/_keypoint_pose_array.py'...
[2.230s] Compiling '/home/snorlax/work/gradio_sam_genpose/translator_1/install/fake_interface_pkg/local/lib/python3.10/dist-packages/fake_interface_pkg/msg/_object_pose.py'...
[2.230s] Compiling '/home/snorlax/work/gradio_sam_genpose/translator_1/install/fake_interface_pkg/local/lib/python3.10/dist-packages/fake_interface_pkg/msg/_pose.py'...
[2.231s] -- Installing: /home/snorlax/work/gradio_sam_genpose/translator_1/install/fake_interface_pkg/local/lib/python3.10/dist-packages/fake_interface_pkg/fake_interface_pkg_s__rosidl_typesupport_fastrtps_c.cpython-310-x86_64-linux-gnu.so
[2.232s] -- Set runtime path of "/home/snorlax/work/gradio_sam_genpose/translator_1/install/fake_interface_pkg/local/lib/python3.10/dist-packages/fake_interface_pkg/fake_interface_pkg_s__rosidl_typesupport_fastrtps_c.cpython-310-x86_64-linux-gnu.so" to ""
[2.232s] -- Installing: /home/snorlax/work/gradio_sam_genpose/translator_1/install/fake_interface_pkg/local/lib/python3.10/dist-packages/fake_interface_pkg/fake_interface_pkg_s__rosidl_typesupport_introspection_c.cpython-310-x86_64-linux-gnu.so
[2.232s] -- Set runtime path of "/home/snorlax/work/gradio_sam_genpose/translator_1/install/fake_interface_pkg/local/lib/python3.10/dist-packages/fake_interface_pkg/fake_interface_pkg_s__rosidl_typesupport_introspection_c.cpython-310-x86_64-linux-gnu.so" to ""
[2.232s] -- Installing: /home/snorlax/work/gradio_sam_genpose/translator_1/install/fake_interface_pkg/local/lib/python3.10/dist-packages/fake_interface_pkg/fake_interface_pkg_s__rosidl_typesupport_c.cpython-310-x86_64-linux-gnu.so
[2.232s] -- Set runtime path of "/home/snorlax/work/gradio_sam_genpose/translator_1/install/fake_interface_pkg/local/lib/python3.10/dist-packages/fake_interface_pkg/fake_interface_pkg_s__rosidl_typesupport_c.cpython-310-x86_64-linux-gnu.so" to ""
[2.232s] -- Installing: /home/snorlax/work/gradio_sam_genpose/translator_1/install/fake_interface_pkg/lib/libfake_interface_pkg__rosidl_generator_py.so
[2.232s] -- Set runtime path of "/home/snorlax/work/gradio_sam_genpose/translator_1/install/fake_interface_pkg/lib/libfake_interface_pkg__rosidl_generator_py.so" to ""
[2.232s] -- Installing: /home/snorlax/work/gradio_sam_genpose/translator_1/install/fake_interface_pkg/share/fake_interface_pkg/msg/ObjectPose.idl
[2.232s] -- Installing: /home/snorlax/work/gradio_sam_genpose/translator_1/install/fake_interface_pkg/share/fake_interface_pkg/msg/Action.idl
[2.232s] -- Installing: /home/snorlax/work/gradio_sam_genpose/translator_1/install/fake_interface_pkg/share/fake_interface_pkg/msg/Pose.idl
[2.233s] -- Installing: /home/snorlax/work/gradio_sam_genpose/translator_1/install/fake_interface_pkg/share/fake_interface_pkg/msg/ActionPlan.idl
[2.233s] -- Installing: /home/snorlax/work/gradio_sam_genpose/translator_1/install/fake_interface_pkg/share/fake_interface_pkg/msg/KeypointPose.idl
[2.233s] -- Installing: /home/snorlax/work/gradio_sam_genpose/translator_1/install/fake_interface_pkg/share/fake_interface_pkg/msg/KeypointPoseArray.idl
[2.233s] -- Installing: /home/snorlax/work/gradio_sam_genpose/translator_1/install/fake_interface_pkg/share/fake_interface_pkg/msg/ObjectPose.msg
[2.233s] -- Installing: /home/snorlax/work/gradio_sam_genpose/translator_1/install/fake_interface_pkg/share/fake_interface_pkg/msg/Action.msg
[2.233s] -- Installing: /home/snorlax/work/gradio_sam_genpose/translator_1/install/fake_interface_pkg/share/fake_interface_pkg/msg/Pose.msg
[2.233s] -- Installing: /home/snorlax/work/gradio_sam_genpose/translator_1/install/fake_interface_pkg/share/fake_interface_pkg/msg/ActionPlan.msg
[2.233s] -- Installing: /home/snorlax/work/gradio_sam_genpose/translator_1/install/fake_interface_pkg/share/fake_interface_pkg/msg/KeypointPose.msg
[2.233s] -- Installing: /home/snorlax/work/gradio_sam_genpose/translator_1/install/fake_interface_pkg/share/fake_interface_pkg/msg/KeypointPoseArray.msg
[2.233s] -- Installing: /home/snorlax/work/gradio_sam_genpose/translator_1/install/fake_interface_pkg/share/ament_index/resource_index/package_run_dependencies/fake_interface_pkg
[2.233s] -- Installing: /home/snorlax/work/gradio_sam_genpose/translator_1/install/fake_interface_pkg/share/ament_index/resource_index/parent_prefix_path/fake_interface_pkg
[2.233s] -- Installing: /home/snorlax/work/gradio_sam_genpose/translator_1/install/fake_interface_pkg/share/fake_interface_pkg/environment/ament_prefix_path.sh
[2.233s] -- Installing: /home/snorlax/work/gradio_sam_genpose/translator_1/install/fake_interface_pkg/share/fake_interface_pkg/environment/ament_prefix_path.dsv
[2.233s] -- Installing: /home/snorlax/work/gradio_sam_genpose/translator_1/install/fake_interface_pkg/share/fake_interface_pkg/environment/path.sh
[2.233s] -- Installing: /home/snorlax/work/gradio_sam_genpose/translator_1/install/fake_interface_pkg/share/fake_interface_pkg/environment/path.dsv
[2.233s] -- Installing: /home/snorlax/work/gradio_sam_genpose/translator_1/install/fake_interface_pkg/share/fake_interface_pkg/local_setup.bash
[2.233s] -- Installing: /home/snorlax/work/gradio_sam_genpose/translator_1/install/fake_interface_pkg/share/fake_interface_pkg/local_setup.sh
[2.233s] -- Installing: /home/snorlax/work/gradio_sam_genpose/translator_1/install/fake_interface_pkg/share/fake_interface_pkg/local_setup.zsh
[2.233s] -- Installing: /home/snorlax/work/gradio_sam_genpose/translator_1/install/fake_interface_pkg/share/fake_interface_pkg/local_setup.dsv
[2.233s] -- Installing: /home/snorlax/work/gradio_sam_genpose/translator_1/install/fake_interface_pkg/share/fake_interface_pkg/package.dsv
[2.233s] -- Installing: /home/snorlax/work/gradio_sam_genpose/translator_1/install/fake_interface_pkg/share/ament_index/resource_index/packages/fake_interface_pkg
[2.233s] -- Installing: /home/snorlax/work/gradio_sam_genpose/translator_1/install/fake_interface_pkg/share/fake_interface_pkg/cmake/export_fake_interface_pkg__rosidl_generator_cExport.cmake
[2.234s] -- Installing: /home/snorlax/work/gradio_sam_genpose/translator_1/install/fake_interface_pkg/share/fake_interface_pkg/cmake/export_fake_interface_pkg__rosidl_generator_cExport-noconfig.cmake
[2.234s] -- Installing: /home/snorlax/work/gradio_sam_genpose/translator_1/install/fake_interface_pkg/share/fake_interface_pkg/cmake/export_fake_interface_pkg__rosidl_typesupport_fastrtps_cExport.cmake
[2.234s] -- Installing: /home/snorlax/work/gradio_sam_genpose/translator_1/install/fake_interface_pkg/share/fake_interface_pkg/cmake/export_fake_interface_pkg__rosidl_typesupport_fastrtps_cExport-noconfig.cmake
[2.234s] -- Installing: /home/snorlax/work/gradio_sam_genpose/translator_1/install/fake_interface_pkg/share/fake_interface_pkg/cmake/fake_interface_pkg__rosidl_typesupport_introspection_cExport.cmake
[2.234s] -- Installing: /home/snorlax/work/gradio_sam_genpose/translator_1/install/fake_interface_pkg/share/fake_interface_pkg/cmake/fake_interface_pkg__rosidl_typesupport_introspection_cExport-noconfig.cmake
[2.234s] -- Installing: /home/snorlax/work/gradio_sam_genpose/translator_1/install/fake_interface_pkg/share/fake_interface_pkg/cmake/fake_interface_pkg__rosidl_typesupport_cExport.cmake
[2.234s] -- Installing: /home/snorlax/work/gradio_sam_genpose/translator_1/install/fake_interface_pkg/share/fake_interface_pkg/cmake/fake_interface_pkg__rosidl_typesupport_cExport-noconfig.cmake
[2.234s] -- Installing: /home/snorlax/work/gradio_sam_genpose/translator_1/install/fake_interface_pkg/share/fake_interface_pkg/cmake/export_fake_interface_pkg__rosidl_generator_cppExport.cmake
[2.234s] -- Installing: /home/snorlax/work/gradio_sam_genpose/translator_1/install/fake_interface_pkg/share/fake_interface_pkg/cmake/export_fake_interface_pkg__rosidl_typesupport_fastrtps_cppExport.cmake
[2.234s] -- Installing: /home/snorlax/work/gradio_sam_genpose/translator_1/install/fake_interface_pkg/share/fake_interface_pkg/cmake/export_fake_interface_pkg__rosidl_typesupport_fastrtps_cppExport-noconfig.cmake
[2.234s] -- Installing: /home/snorlax/work/gradio_sam_genpose/translator_1/install/fake_interface_pkg/share/fake_interface_pkg/cmake/fake_interface_pkg__rosidl_typesupport_introspection_cppExport.cmake
[2.234s] -- Installing: /home/snorlax/work/gradio_sam_genpose/translator_1/install/fake_interface_pkg/share/fake_interface_pkg/cmake/fake_interface_pkg__rosidl_typesupport_introspection_cppExport-noconfig.cmake
[2.234s] -- Installing: /home/snorlax/work/gradio_sam_genpose/translator_1/install/fake_interface_pkg/share/fake_interface_pkg/cmake/fake_interface_pkg__rosidl_typesupport_cppExport.cmake
[2.234s] -- Installing: /home/snorlax/work/gradio_sam_genpose/translator_1/install/fake_interface_pkg/share/fake_interface_pkg/cmake/fake_interface_pkg__rosidl_typesupport_cppExport-noconfig.cmake
[2.234s] -- Installing: /home/snorlax/work/gradio_sam_genpose/translator_1/install/fake_interface_pkg/share/fake_interface_pkg/cmake/export_fake_interface_pkg__rosidl_generator_pyExport.cmake
[2.234s] -- Installing: /home/snorlax/work/gradio_sam_genpose/translator_1/install/fake_interface_pkg/share/fake_interface_pkg/cmake/export_fake_interface_pkg__rosidl_generator_pyExport-noconfig.cmake
[2.234s] -- Installing: /home/snorlax/work/gradio_sam_genpose/translator_1/install/fake_interface_pkg/share/fake_interface_pkg/cmake/rosidl_cmake-extras.cmake
[2.234s] -- Installing: /home/snorlax/work/gradio_sam_genpose/translator_1/install/fake_interface_pkg/share/fake_interface_pkg/cmake/ament_cmake_export_dependencies-extras.cmake
[2.234s] -- Installing: /home/snorlax/work/gradio_sam_genpose/translator_1/install/fake_interface_pkg/share/fake_interface_pkg/cmake/ament_cmake_export_include_directories-extras.cmake
[2.234s] -- Installing: /home/snorlax/work/gradio_sam_genpose/translator_1/install/fake_interface_pkg/share/fake_interface_pkg/cmake/ament_cmake_export_libraries-extras.cmake
[2.234s] -- Installing: /home/snorlax/work/gradio_sam_genpose/translator_1/install/fake_interface_pkg/share/fake_interface_pkg/cmake/ament_cmake_export_targets-extras.cmake
[2.234s] -- Installing: /home/snorlax/work/gradio_sam_genpose/translator_1/install/fake_interface_pkg/share/fake_interface_pkg/cmake/rosidl_cmake_export_typesupport_targets-extras.cmake
[2.234s] -- Installing: /home/snorlax/work/gradio_sam_genpose/translator_1/install/fake_interface_pkg/share/fake_interface_pkg/cmake/rosidl_cmake_export_typesupport_libraries-extras.cmake
[2.234s] -- Installing: /home/snorlax/work/gradio_sam_genpose/translator_1/install/fake_interface_pkg/share/fake_interface_pkg/cmake/fake_interface_pkgConfig.cmake
[2.234s] -- Installing: /home/snorlax/work/gradio_sam_genpose/translator_1/install/fake_interface_pkg/share/fake_interface_pkg/cmake/fake_interface_pkgConfig-version.cmake
[2.234s] -- Installing: /home/snorlax/work/gradio_sam_genpose/translator_1/install/fake_interface_pkg/share/fake_interface_pkg/package.xml
[2.235s] Invoked command in '/home/snorlax/work/gradio_sam_genpose/translator_1/build/fake_interface_pkg' returned '0': /usr/bin/cmake --install /home/snorlax/work/gradio_sam_genpose/translator_1/build/fake_interface_pkg
